IMGT-1A1M_A_A	B*53:51	99.638
IMGT-1A1M_A_A	B*53:01	99.638
IMGT-1A1M_A_A	B*53:54	99.638
IMGT-1A1M_A_A	B*53:50	99.275
IMGT-1A1M_A_A	B*53:63	99.275
IMGT-1A1M_A_A	B*53:05	99.275
IMGT-1A1M_A_A	B*53:60	99.275
IMGT-1A1M_A_A	B*53:52	99.275
IMGT-1A1M_A_A	B*53:61	99.275
IMGT-1A1M_A_A	B*53:59	99.275
IMGT-1A1M_A_A	B*53:10	99.275
IMGT-1A1M_A_A	B*53:56	99.275
IMGT-1A1M_A_A	B*53:58	99.275
IMGT-1A1M_A_A	B*53:53	99.275
IMGT-1A1M_A_A	B*53:57	99.275
IMGT-1A1M_A_A	B*53:11	98.913
IMGT-1A1M_A_A	B*51:281	98.188
IMGT-1A1M_A_A	B*53:62	98.188
IMGT-1A1M_A_A	B*53:55	98.188
IMGT-1A1M_A_A	B*51:04	97.826
IMGT-1A1M_A_A	B*35:27	98.188
IMGT-1A1M_A_A	B*51:220	97.464
IMGT-1A1M_A_A	B*51:42	97.464
IMGT-1A1M_A_A	B*53:07	97.464
IMGT-1A1M_A_A	B*51:148	97.101
IMGT-1A1M_A_A	B*35:516	97.826
IMGT-1A1M_A_A	B*35:515	97.826
IMGT-1A1M_A_A	B*35:514	97.826
IMGT-1A1M_A_A	B*35:471	96.739
IMGT-1A1M_A_A	B*35:454	97.826
IMGT-1A1M_A_A	B*35:447	97.826
IMGT-1A1M_A_A	B*35:421	97.826
IMGT-1A1M_A_A	B*35:417	97.826
IMGT-1A1M_A_A	B*35:406	97.826
IMGT-1A1M_A_A	B*35:383	97.826
IMGT-1A1M_A_A	B*35:370	97.826
IMGT-1A1M_A_A	B*35:365	97.826
IMGT-1A1M_A_A	B*35:347	97.826
IMGT-1A1M_A_A	B*35:338	97.826
IMGT-1A1M_A_A	B*35:248	97.826
IMGT-1A1M_A_A	B*35:42	97.826
IMGT-1A1M_A_A	B*35:01	97.826
IMGT-1A1M_A_A	B*35:506	97.826
IMGT-1A1M_A_A	B*35:429	97.826
IMGT-1A1M_A_A	B*35:380	97.826
IMGT-1A1M_A_A	B*35:376	97.826
IMGT-1A1M_A_A	B*35:336	97.464
IMGT-1A1M_A_A	B*35:57	97.464
IMGT-1A1M_A_A	B*51:40	97.464
IMGT-1A1M_A_A	B*51:06	97.101
IMGT-1A1N_A_A	B*35:454	99.638
IMGT-1A1N_A_A	B*35:383	99.638
IMGT-1A1N_A_A	B*35:516	99.638
IMGT-1A1N_A_A	B*35:515	99.638
IMGT-1A1N_A_A	B*35:514	99.638
IMGT-1A1N_A_A	B*35:506	99.638
IMGT-1A1N_A_A	B*35:447	99.638
IMGT-1A1N_A_A	B*35:421	99.638
IMGT-1A1N_A_A	B*35:417	99.638
IMGT-1A1N_A_A	B*35:406	99.638
IMGT-1A1N_A_A	B*35:376	99.638
IMGT-1A1N_A_A	B*35:370	99.638
IMGT-1A1N_A_A	B*35:365	99.638
IMGT-1A1N_A_A	B*35:347	99.638
IMGT-1A1N_A_A	B*35:42	99.638
IMGT-1A1N_A_A	B*35:01	99.638
IMGT-1A1N_A_A	B*35:429	99.638
IMGT-1A1N_A_A	B*35:380	99.638
IMGT-1A1N_A_A	B*35:336	99.275
IMGT-1A1N_A_A	B*35:57	99.275
IMGT-1A1N_A_A	B*35:503	99.275
IMGT-1A1N_A_A	B*35:484	99.275
IMGT-1A1N_A_A	B*35:473	99.275
IMGT-1A1N_A_A	B*35:23	99.275
IMGT-1A1N_A_A	B*35:491	99.275
IMGT-1A1N_A_A	B*35:490	99.275
IMGT-1A1N_A_A	B*35:458	99.275
IMGT-1A1N_A_A	B*35:412	99.275
IMGT-1A1N_A_A	B*35:409	99.275
IMGT-1A1N_A_A	B*35:408	99.275
IMGT-1A1N_A_A	B*35:402	99.275
IMGT-1A1N_A_A	B*35:313	99.275
IMGT-1A1N_A_A	B*35:288	99.275
IMGT-1A1N_A_A	B*35:263	99.275
IMGT-1A1N_A_A	B*35:500	99.275
IMGT-1A1N_A_A	B*35:479	99.275
IMGT-1A1N_A_A	B*35:464	99.275
IMGT-1A1N_A_A	B*35:449	99.275
IMGT-1A1N_A_A	B*35:392	99.275
IMGT-1A1N_A_A	B*35:351	99.275
IMGT-1A1N_A_A	B*35:332	99.275
IMGT-1A1N_A_A	B*35:259	99.275
IMGT-1A1N_A_A	B*35:90	99.275
IMGT-1A1N_A_A	B*35:27	99.275
IMGT-1A1N_A_A	B*35:502	99.275
IMGT-1A1N_A_A	B*35:495	99.275
IMGT-1A1N_A_A	B*35:465	99.275
IMGT-1A1N_A_A	B*35:400	99.275
IMGT-1A1N_A_A	B*35:393	99.275
IMGT-1A1N_A_A	B*35:286	99.275
IMGT-1A1O_A_A	B*53:54	99.638
IMGT-1A1O_A_A	B*53:51	99.638
IMGT-1A1O_A_A	B*53:01	99.638
IMGT-1A1O_A_A	B*53:63	99.275
IMGT-1A1O_A_A	B*53:50	99.275
IMGT-1A1O_A_A	B*53:61	99.275
IMGT-1A1O_A_A	B*53:59	99.275
IMGT-1A1O_A_A	B*53:05	99.275
IMGT-1A1O_A_A	B*53:60	99.275
IMGT-1A1O_A_A	B*53:52	99.275
IMGT-1A1O_A_A	B*53:10	99.275
IMGT-1A1O_A_A	B*53:56	99.275
IMGT-1A1O_A_A	B*53:58	99.275
IMGT-1A1O_A_A	B*53:53	99.275
IMGT-1A1O_A_A	B*53:57	99.275
IMGT-1A1O_A_A	B*53:11	98.913
IMGT-1A1O_A_A	B*51:281	98.188
IMGT-1A1O_A_A	B*53:62	98.188
IMGT-1A1O_A_A	B*53:55	98.188
IMGT-1A1O_A_A	B*51:04	97.826
IMGT-1A1O_A_A	B*35:27	98.188
IMGT-1A1O_A_A	B*51:220	97.464
IMGT-1A1O_A_A	B*51:42	97.464
IMGT-1A1O_A_A	B*35:506	97.826
IMGT-1A1O_A_A	B*35:454	97.826
IMGT-1A1O_A_A	B*35:248	97.826
IMGT-1A1O_A_A	B*53:07	97.464
IMGT-1A1O_A_A	B*51:148	97.101
IMGT-1A1O_A_A	B*35:516	97.826
IMGT-1A1O_A_A	B*35:515	97.826
IMGT-1A1O_A_A	B*35:514	97.826
IMGT-1A1O_A_A	B*35:471	96.739
IMGT-1A1O_A_A	B*35:447	97.826
IMGT-1A1O_A_A	B*35:417	97.826
IMGT-1A1O_A_A	B*35:406	97.826
IMGT-1A1O_A_A	B*35:383	97.826
IMGT-1A1O_A_A	B*35:376	97.826
IMGT-1A1O_A_A	B*35:370	97.826
IMGT-1A1O_A_A	B*35:365	97.826
IMGT-1A1O_A_A	B*35:347	97.826
IMGT-1A1O_A_A	B*35:338	97.826
IMGT-1A1O_A_A	B*35:42	97.826
IMGT-1A1O_A_A	B*35:01	97.826
IMGT-1A1O_A_A	B*35:421	97.826
IMGT-1A1O_A_A	B*35:380	97.826
IMGT-1A1O_A_A	B*35:336	97.464
IMGT-1A1O_A_A	B*35:57	97.464
IMGT-1A1O_A_A	B*51:06	97.101
IMGT-1A1O_A_A	B*35:429	97.826
IMGT-1A1O_A_A	B*35:288	97.464
IMGT-1CG9_A_A	B*35:516	99.639
IMGT-1CG9_A_A	B*35:515	99.639
IMGT-1CG9_A_A	B*35:506	99.639
IMGT-1CG9_A_A	B*35:454	99.639
IMGT-1CG9_A_A	B*35:447	99.639
IMGT-1CG9_A_A	B*35:421	99.639
IMGT-1CG9_A_A	B*35:417	99.639
IMGT-1CG9_A_A	B*35:406	99.639
IMGT-1CG9_A_A	B*35:383	99.639
IMGT-1CG9_A_A	B*35:376	99.639
IMGT-1CG9_A_A	B*35:370	99.639
IMGT-1CG9_A_A	B*35:365	99.639
IMGT-1CG9_A_A	B*35:347	99.639
IMGT-1CG9_A_A	B*35:42	99.639
IMGT-1CG9_A_A	B*35:01	99.639
IMGT-1CG9_A_A	B*35:514	99.639
IMGT-1CG9_A_A	B*35:429	99.639
IMGT-1CG9_A_A	B*35:380	99.639
IMGT-1CG9_A_A	B*35:336	99.278
IMGT-1CG9_A_A	B*35:57	99.278
IMGT-1CG9_A_A	B*35:503	99.278
IMGT-1CG9_A_A	B*35:484	99.278
IMGT-1CG9_A_A	B*35:473	99.278
IMGT-1CG9_A_A	B*35:458	99.278
IMGT-1CG9_A_A	B*35:412	99.278
IMGT-1CG9_A_A	B*35:409	99.278
IMGT-1CG9_A_A	B*35:351	99.278
IMGT-1CG9_A_A	B*35:313	99.278
IMGT-1CG9_A_A	B*35:288	99.278
IMGT-1CG9_A_A	B*35:27	99.278
IMGT-1CG9_A_A	B*35:23	99.278
IMGT-1CG9_A_A	B*35:500	99.278
IMGT-1CG9_A_A	B*35:491	99.278
IMGT-1CG9_A_A	B*35:479	99.278
IMGT-1CG9_A_A	B*35:464	99.278
IMGT-1CG9_A_A	B*35:449	99.278
IMGT-1CG9_A_A	B*35:408	99.278
IMGT-1CG9_A_A	B*35:402	99.278
IMGT-1CG9_A_A	B*35:392	99.278
IMGT-1CG9_A_A	B*35:332	99.278
IMGT-1CG9_A_A	B*35:263	99.278
IMGT-1CG9_A_A	B*35:502	99.278
IMGT-1CG9_A_A	B*35:495	99.278
IMGT-1CG9_A_A	B*35:490	99.278
IMGT-1CG9_A_A	B*35:400	99.278
IMGT-1CG9_A_A	B*35:393	99.278
IMGT-1CG9_A_A	B*35:330	99.638
IMGT-1CG9_A_A	B*35:286	99.278
IMGT-1CG9_A_A	B*35:271	99.278
IMGT-1CG9_A_A	B*35:259	99.278
IMGT-1E28_A_A	B*51:269	99.638
IMGT-1E28_A_A	B*51:286	99.638
IMGT-1E28_A_A	B*51:260	99.638
IMGT-1E28_A_A	B*51:322	99.638
IMGT-1E28_A_A	B*51:308	99.638
IMGT-1E28_A_A	B*51:296	99.638
IMGT-1E28_A_A	B*51:289	99.638
IMGT-1E28_A_A	B*51:249	99.638
IMGT-1E28_A_A	B*51:232	99.638
IMGT-1E28_A_A	B*51:224	99.638
IMGT-1E28_A_A	B*51:339	99.638
IMGT-1E28_A_A	B*51:316	99.638
IMGT-1E28_A_A	B*51:309	99.638
IMGT-1E28_A_A	B*51:297	99.638
IMGT-1E28_A_A	B*51:271	99.638
IMGT-1E28_A_A	B*51:270	99.638
IMGT-1E28_A_A	B*51:250	99.638
IMGT-1E28_A_A	B*51:248	99.638
IMGT-1E28_A_A	B*51:193	99.638
IMGT-1E28_A_A	B*51:168	99.275
IMGT-1E28_A_A	B*51:01	99.638
IMGT-1E28_A_A	B*51:334	99.275
IMGT-1E28_A_A	B*51:285	99.638
IMGT-1E28_A_A	B*51:240	99.275
IMGT-1E28_A_A	B*51:230	99.638
IMGT-1E28_A_A	B*51:83	99.638
IMGT-1E28_A_A	B*51:323	99.275
IMGT-1E28_A_A	B*51:238	99.275
IMGT-1E28_A_A	B*51:13	99.275
IMGT-1E28_A_A	B*51:336	99.275
IMGT-1E28_A_A	B*51:330	99.275
IMGT-1E28_A_A	B*51:314	99.275
IMGT-1E28_A_A	B*51:312	99.275
IMGT-1E28_A_A	B*51:299	99.275
IMGT-1E28_A_A	B*51:283	99.275
IMGT-1E28_A_A	B*51:268	99.275
IMGT-1E28_A_A	B*51:247	99.275
IMGT-1E28_A_A	B*51:239	99.275
IMGT-1E28_A_A	B*51:233	99.275
IMGT-1E28_A_A	B*51:219	99.275
IMGT-1E28_A_A	B*51:190	99.275
IMGT-1E28_A_A	B*51:189	99.275
IMGT-1E28_A_A	B*51:75	99.275
IMGT-1E28_A_A	B*51:331	99.275
IMGT-1E28_A_A	B*51:311	99.275
IMGT-1E28_A_A	B*51:292	99.275
IMGT-1E28_A_A	B*51:288	99.275
IMGT-1E28_A_A	B*51:282	99.275
IMGT-1E28_A_A	B*51:272	99.275
IMGT-1E28_A_A	B*51:262	99.636
IMGT-2AV1_A_A	A*02:665	99.273
IMGT-2AV1_A_A	A*02:930	99.273
IMGT-2AV1_A_A	A*02:919	99.273
IMGT-2AV1_A_A	A*02:884	99.273
IMGT-2AV1_A_A	A*02:874	99.273
IMGT-2AV1_A_A	A*02:866	99.273
IMGT-2AV1_A_A	A*02:864	99.273
IMGT-2AV1_A_A	A*02:853	99.273
IMGT-2AV1_A_A	A*02:852	99.273
IMGT-2AV1_A_A	A*02:830	99.273
IMGT-2AV1_A_A	A*02:819	99.273
IMGT-2AV1_A_A	A*02:779	99.273
IMGT-2AV1_A_A	A*02:776	99.273
IMGT-2AV1_A_A	A*02:765	99.273
IMGT-2AV1_A_A	A*02:763	99.273
IMGT-2AV1_A_A	A*02:762	99.273
IMGT-2AV1_A_A	A*02:761	99.273
IMGT-2AV1_A_A	A*02:753	99.273
IMGT-2AV1_A_A	A*02:742	99.273
IMGT-2AV1_A_A	A*02:740	99.273
IMGT-2AV1_A_A	A*02:724	99.273
IMGT-2AV1_A_A	A*02:722	99.273
IMGT-2AV1_A_A	A*02:719	99.273
IMGT-2AV1_A_A	A*02:704	99.273
IMGT-2AV1_A_A	A*02:689	99.273
IMGT-2AV1_A_A	A*02:642	99.273
IMGT-2AV1_A_A	A*02:01	99.273
IMGT-2AV1_A_A	A*02:942	99.273
IMGT-2AV1_A_A	A*02:928	99.273
IMGT-2AV1_A_A	A*02:916	99.273
IMGT-2AV1_A_A	A*02:870	99.273
IMGT-2AV1_A_A	A*02:869	99.273
IMGT-2AV1_A_A	A*02:865	99.273
IMGT-2AV1_A_A	A*02:844	99.273
IMGT-2AV1_A_A	A*02:812	99.273
IMGT-2AV1_A_A	A*02:810	99.273
IMGT-2AV1_A_A	A*02:786	99.273
IMGT-2AV1_A_A	A*02:780	99.273
IMGT-2AV1_A_A	A*02:744	99.273
IMGT-2AV1_A_A	A*02:716	99.273
IMGT-2AV1_A_A	A*02:686	99.273
IMGT-2AV1_A_A	A*02:29	99.273
IMGT-2AV1_A_A	A*02:917	99.273
IMGT-2AV1_A_A	A*02:892	99.273
IMGT-2AV1_A_A	A*02:846	99.273
IMGT-2AV1_A_A	A*02:658	98.909
IMGT-2AV1_A_A	A*02:252	98.909
IMGT-2AV1_A_A	A*02:20	99.273
IMGT-2AV1_A_A	A*02:756	98.909
IMGT-2AV1_A_A	A*02:538	98.909
IMGT-2AV7_A_A	A*02:742	99.636
IMGT-2AV7_A_A	A*02:665	99.636
IMGT-2AV7_A_A	A*02:930	99.636
IMGT-2AV7_A_A	A*02:919	99.636
IMGT-2AV7_A_A	A*02:884	99.636
IMGT-2AV7_A_A	A*02:874	99.636
IMGT-2AV7_A_A	A*02:866	99.636
IMGT-2AV7_A_A	A*02:865	99.636
IMGT-2AV7_A_A	A*02:864	99.636
IMGT-2AV7_A_A	A*02:853	99.636
IMGT-2AV7_A_A	A*02:852	99.636
IMGT-2AV7_A_A	A*02:830	99.636
IMGT-2AV7_A_A	A*02:819	99.636
IMGT-2AV7_A_A	A*02:810	99.636
IMGT-2AV7_A_A	A*02:779	99.636
IMGT-2AV7_A_A	A*02:776	99.636
IMGT-2AV7_A_A	A*02:765	99.636
IMGT-2AV7_A_A	A*02:763	99.636
IMGT-2AV7_A_A	A*02:762	99.636
IMGT-2AV7_A_A	A*02:761	99.636
IMGT-2AV7_A_A	A*02:753	99.636
IMGT-2AV7_A_A	A*02:744	99.636
IMGT-2AV7_A_A	A*02:740	99.636
IMGT-2AV7_A_A	A*02:724	99.636
IMGT-2AV7_A_A	A*02:722	99.636
IMGT-2AV7_A_A	A*02:719	99.636
IMGT-2AV7_A_A	A*02:704	99.636
IMGT-2AV7_A_A	A*02:689	99.636
IMGT-2AV7_A_A	A*02:642	99.636
IMGT-2AV7_A_A	A*02:01	99.636
IMGT-2AV7_A_A	A*02:928	99.636
IMGT-2AV7_A_A	A*02:916	99.636
IMGT-2AV7_A_A	A*02:870	99.636
IMGT-2AV7_A_A	A*02:869	99.636
IMGT-2AV7_A_A	A*02:846	99.636
IMGT-2AV7_A_A	A*02:844	99.636
IMGT-2AV7_A_A	A*02:812	99.636
IMGT-2AV7_A_A	A*02:716	99.636
IMGT-2AV7_A_A	A*02:686	99.636
IMGT-2AV7_A_A	A*02:942	99.636
IMGT-2AV7_A_A	A*02:917	99.636
IMGT-2AV7_A_A	A*02:892	99.636
IMGT-2AV7_A_A	A*02:786	99.636
IMGT-2AV7_A_A	A*02:780	99.636
IMGT-2AV7_A_A	A*02:29	99.636
IMGT-2AV7_A_A	A*02:20	99.636
IMGT-2AV7_A_A	A*02:939	99.273
IMGT-2AV7_A_A	A*02:913	99.273
IMGT-2AV7_A_A	A*02:911	99.273
IMGT-2AV7_A_A	A*02:908	99.273
IMGT-2BSR_A_A	B*27:184	99.638
IMGT-2BSR_A_A	B*27:206	99.638
IMGT-2BSR_A_A	B*27:231	99.638
IMGT-2BSR_A_A	B*27:230	99.638
IMGT-2BSR_A_A	B*27:216	99.638
IMGT-2BSR_A_A	B*27:196	99.638
IMGT-2BSR_A_A	B*27:195	99.638
IMGT-2BSR_A_A	B*27:190	99.638
IMGT-2BSR_A_A	B*27:162	99.638
IMGT-2BSR_A_A	B*27:13	99.638
IMGT-2BSR_A_A	B*27:05	99.638
IMGT-2BSR_A_A	B*27:220	99.638
IMGT-2BSR_A_A	B*27:177	99.275
IMGT-2BSR_A_A	B*27:09	99.638
IMGT-2BSR_A_A	B*27:207	99.275
IMGT-2BSR_A_A	B*27:200	99.275
IMGT-2BSR_A_A	B*27:178	99.275
IMGT-2BSR_A_A	B*27:118	99.275
IMGT-2BSR_A_A	B*27:101	99.275
IMGT-2BSR_A_A	B*27:17	99.275
IMGT-2BSR_A_A	B*27:239	99.275
IMGT-2BSR_A_A	B*27:191	99.275
IMGT-2BSR_A_A	B*27:179	99.275
IMGT-2BSR_A_A	B*27:174	99.275
IMGT-2BSR_A_A	B*27:52	99.275
IMGT-2BSR_A_A	B*27:241	99.275
IMGT-2BSR_A_A	B*27:221	99.275
IMGT-2BSR_A_A	B*27:186	99.275
IMGT-2BSR_A_A	B*27:137	99.275
IMGT-2BSR_A_A	B*27:32	99.275
IMGT-2BSR_A_A	B*27:03	99.275
IMGT-2BSR_A_A	B*27:193	99.275
IMGT-2BSR_A_A	B*27:170	99.275
IMGT-2BSR_A_A	B*27:169	99.275
IMGT-2BSR_A_A	B*27:150	98.913
IMGT-2BSR_A_A	B*27:238	99.275
IMGT-2BSR_A_A	B*27:235	99.275
IMGT-2BSR_A_A	B*27:234	99.275
IMGT-2BSR_A_A	B*27:217	99.275
IMGT-2BSR_A_A	B*27:205	99.275
IMGT-2BSR_A_A	B*27:189	99.275
IMGT-2BSR_A_A	B*27:146	99.275
IMGT-2BSR_A_A	B*27:70	99.275
IMGT-2BSR_A_A	B*27:227	99.275
IMGT-2BSR_A_A	B*27:201	99.275
IMGT-2BSR_A_A	B*27:199	99.275
IMGT-2BSR_A_A	B*27:175	99.275
IMGT-2BSR_A_A	B*27:158	99.275
IMGT-2BSR_A_A	B*27:144	99.275
IMGT-2BSR_A_A	B*27:117	99.275
IMGT-2BSS_A_A	B*27:184	99.638
IMGT-2BSS_A_A	B*27:206	99.638
IMGT-2BSS_A_A	B*27:231	99.638
IMGT-2BSS_A_A	B*27:230	99.638
IMGT-2BSS_A_A	B*27:216	99.638
IMGT-2BSS_A_A	B*27:196	99.638
IMGT-2BSS_A_A	B*27:195	99.638
IMGT-2BSS_A_A	B*27:190	99.638
IMGT-2BSS_A_A	B*27:162	99.638
IMGT-2BSS_A_A	B*27:13	99.638
IMGT-2BSS_A_A	B*27:05	99.638
IMGT-2BSS_A_A	B*27:220	99.638
IMGT-2BSS_A_A	B*27:177	99.275
IMGT-2BSS_A_A	B*27:09	99.638
IMGT-2BSS_A_A	B*27:207	99.275
IMGT-2BSS_A_A	B*27:200	99.275
IMGT-2BSS_A_A	B*27:178	99.275
IMGT-2BSS_A_A	B*27:118	99.275
IMGT-2BSS_A_A	B*27:101	99.275
IMGT-2BSS_A_A	B*27:17	99.275
IMGT-2BSS_A_A	B*27:239	99.275
IMGT-2BSS_A_A	B*27:191	99.275
IMGT-2BSS_A_A	B*27:179	99.275
IMGT-2BSS_A_A	B*27:174	99.275
IMGT-2BSS_A_A	B*27:52	99.275
IMGT-2BSS_A_A	B*27:241	99.275
IMGT-2BSS_A_A	B*27:221	99.275
IMGT-2BSS_A_A	B*27:186	99.275
IMGT-2BSS_A_A	B*27:137	99.275
IMGT-2BSS_A_A	B*27:32	99.275
IMGT-2BSS_A_A	B*27:03	99.275
IMGT-2BSS_A_A	B*27:193	99.275
IMGT-2BSS_A_A	B*27:170	99.275
IMGT-2BSS_A_A	B*27:169	99.275
IMGT-2BSS_A_A	B*27:150	98.913
IMGT-2BSS_A_A	B*27:238	99.275
IMGT-2BSS_A_A	B*27:235	99.275
IMGT-2BSS_A_A	B*27:234	99.275
IMGT-2BSS_A_A	B*27:217	99.275
IMGT-2BSS_A_A	B*27:205	99.275
IMGT-2BSS_A_A	B*27:189	99.275
IMGT-2BSS_A_A	B*27:146	99.275
IMGT-2BSS_A_A	B*27:70	99.275
IMGT-2BSS_A_A	B*27:227	99.275
IMGT-2BSS_A_A	B*27:201	99.275
IMGT-2BSS_A_A	B*27:199	99.275
IMGT-2BSS_A_A	B*27:175	99.275
IMGT-2BSS_A_A	B*27:158	99.275
IMGT-2BSS_A_A	B*27:144	99.275
IMGT-2BSS_A_A	B*27:117	99.275
IMGT-2J8U_A_A	A*02:742	99.636
IMGT-2J8U_A_A	A*02:665	99.636
IMGT-2J8U_A_A	A*02:930	99.636
IMGT-2J8U_A_A	A*02:919	99.636
IMGT-2J8U_A_A	A*02:884	99.636
IMGT-2J8U_A_A	A*02:874	99.636
IMGT-2J8U_A_A	A*02:866	99.636
IMGT-2J8U_A_A	A*02:865	99.636
IMGT-2J8U_A_A	A*02:864	99.636
IMGT-2J8U_A_A	A*02:853	99.636
IMGT-2J8U_A_A	A*02:852	99.636
IMGT-2J8U_A_A	A*02:830	99.636
IMGT-2J8U_A_A	A*02:819	99.636
IMGT-2J8U_A_A	A*02:810	99.636
IMGT-2J8U_A_A	A*02:779	99.636
IMGT-2J8U_A_A	A*02:776	99.636
IMGT-2J8U_A_A	A*02:765	99.636
IMGT-2J8U_A_A	A*02:763	99.636
IMGT-2J8U_A_A	A*02:762	99.636
IMGT-2J8U_A_A	A*02:761	99.636
IMGT-2J8U_A_A	A*02:753	99.636
IMGT-2J8U_A_A	A*02:744	99.636
IMGT-2J8U_A_A	A*02:740	99.636
IMGT-2J8U_A_A	A*02:724	99.636
IMGT-2J8U_A_A	A*02:722	99.636
IMGT-2J8U_A_A	A*02:719	99.636
IMGT-2J8U_A_A	A*02:704	99.636
IMGT-2J8U_A_A	A*02:689	99.636
IMGT-2J8U_A_A	A*02:642	99.636
IMGT-2J8U_A_A	A*02:01	99.636
IMGT-2J8U_A_A	A*02:928	99.636
IMGT-2J8U_A_A	A*02:916	99.636
IMGT-2J8U_A_A	A*02:870	99.636
IMGT-2J8U_A_A	A*02:869	99.636
IMGT-2J8U_A_A	A*02:846	99.636
IMGT-2J8U_A_A	A*02:844	99.636
IMGT-2J8U_A_A	A*02:812	99.636
IMGT-2J8U_A_A	A*02:716	99.636
IMGT-2J8U_A_A	A*02:686	99.636
IMGT-2J8U_A_A	A*02:942	99.636
IMGT-2J8U_A_A	A*02:917	99.636
IMGT-2J8U_A_A	A*02:892	99.636
IMGT-2J8U_A_A	A*02:786	99.636
IMGT-2J8U_A_A	A*02:780	99.636
IMGT-2J8U_A_A	A*02:29	99.636
IMGT-2J8U_A_A	A*02:20	99.636
IMGT-2J8U_A_A	A*02:939	99.273
IMGT-2J8U_A_A	A*02:913	99.273
IMGT-2J8U_A_A	A*02:911	99.273
IMGT-2J8U_A_A	A*02:908	99.273
IMGT-2JCC_A_A	A*02:930	99.636
IMGT-2JCC_A_A	A*02:779	99.636
IMGT-2JCC_A_A	A*02:742	99.636
IMGT-2JCC_A_A	A*02:665	99.636
IMGT-2JCC_A_A	A*02:36	99.273
IMGT-2JCC_A_A	A*02:928	99.636
IMGT-2JCC_A_A	A*02:919	99.636
IMGT-2JCC_A_A	A*02:916	99.636
IMGT-2JCC_A_A	A*02:884	99.636
IMGT-2JCC_A_A	A*02:874	99.636
IMGT-2JCC_A_A	A*02:866	99.636
IMGT-2JCC_A_A	A*02:865	99.636
IMGT-2JCC_A_A	A*02:853	99.636
IMGT-2JCC_A_A	A*02:852	99.636
IMGT-2JCC_A_A	A*02:830	99.636
IMGT-2JCC_A_A	A*02:819	99.636
IMGT-2JCC_A_A	A*02:776	99.636
IMGT-2JCC_A_A	A*02:765	99.636
IMGT-2JCC_A_A	A*02:763	99.636
IMGT-2JCC_A_A	A*02:762	99.636
IMGT-2JCC_A_A	A*02:761	99.636
IMGT-2JCC_A_A	A*02:753	99.636
IMGT-2JCC_A_A	A*02:744	99.636
IMGT-2JCC_A_A	A*02:740	99.636
IMGT-2JCC_A_A	A*02:724	99.636
IMGT-2JCC_A_A	A*02:722	99.636
IMGT-2JCC_A_A	A*02:704	99.636
IMGT-2JCC_A_A	A*02:689	99.636
IMGT-2JCC_A_A	A*02:642	99.636
IMGT-2JCC_A_A	A*02:01	99.636
IMGT-2JCC_A_A	A*02:869	99.636
IMGT-2JCC_A_A	A*02:864	99.636
IMGT-2JCC_A_A	A*02:844	99.636
IMGT-2JCC_A_A	A*02:812	99.636
IMGT-2JCC_A_A	A*02:810	99.636
IMGT-2JCC_A_A	A*02:719	99.636
IMGT-2JCC_A_A	A*02:716	99.636
IMGT-2JCC_A_A	A*02:686	99.636
IMGT-2JCC_A_A	A*02:942	99.636
IMGT-2JCC_A_A	A*02:917	99.636
IMGT-2JCC_A_A	A*02:870	99.636
IMGT-2JCC_A_A	A*02:846	99.636
IMGT-2JCC_A_A	A*02:786	99.636
IMGT-2JCC_A_A	A*02:913	99.273
IMGT-2JCC_A_A	A*02:911	99.273
IMGT-2JCC_A_A	A*02:899	99.273
IMGT-2JCC_A_A	A*02:894	99.273
IMGT-2JCC_A_A	A*02:888	99.273
IMGT-2JCC_A_A	A*02:756	99.273
IMGT-2JCC_A_A	A*02:707	99.273
IMGT-2UWE_A_A	A*02:665	99.636
IMGT-2UWE_A_A	A*02:930	99.636
IMGT-2UWE_A_A	A*02:779	99.636
IMGT-2UWE_A_A	A*02:742	99.636
IMGT-2UWE_A_A	A*02:722	99.636
IMGT-2UWE_A_A	A*02:919	99.636
IMGT-2UWE_A_A	A*02:916	99.636
IMGT-2UWE_A_A	A*02:884	99.636
IMGT-2UWE_A_A	A*02:874	99.636
IMGT-2UWE_A_A	A*02:869	99.636
IMGT-2UWE_A_A	A*02:866	99.636
IMGT-2UWE_A_A	A*02:865	99.636
IMGT-2UWE_A_A	A*02:864	99.636
IMGT-2UWE_A_A	A*02:853	99.636
IMGT-2UWE_A_A	A*02:852	99.636
IMGT-2UWE_A_A	A*02:830	99.636
IMGT-2UWE_A_A	A*02:819	99.636
IMGT-2UWE_A_A	A*02:812	99.636
IMGT-2UWE_A_A	A*02:776	99.636
IMGT-2UWE_A_A	A*02:765	99.636
IMGT-2UWE_A_A	A*02:763	99.636
IMGT-2UWE_A_A	A*02:762	99.636
IMGT-2UWE_A_A	A*02:761	99.636
IMGT-2UWE_A_A	A*02:753	99.636
IMGT-2UWE_A_A	A*02:744	99.636
IMGT-2UWE_A_A	A*02:740	99.636
IMGT-2UWE_A_A	A*02:724	99.636
IMGT-2UWE_A_A	A*02:719	99.636
IMGT-2UWE_A_A	A*02:704	99.636
IMGT-2UWE_A_A	A*02:686	99.636
IMGT-2UWE_A_A	A*02:642	99.636
IMGT-2UWE_A_A	A*02:01	99.636
IMGT-2UWE_A_A	A*02:942	99.636
IMGT-2UWE_A_A	A*02:928	99.636
IMGT-2UWE_A_A	A*02:917	99.636
IMGT-2UWE_A_A	A*02:870	99.636
IMGT-2UWE_A_A	A*02:846	99.636
IMGT-2UWE_A_A	A*02:844	99.636
IMGT-2UWE_A_A	A*02:810	99.636
IMGT-2UWE_A_A	A*02:716	99.636
IMGT-2UWE_A_A	A*02:689	99.636
IMGT-2UWE_A_A	A*02:786	99.636
IMGT-2UWE_A_A	A*02:658	99.273
IMGT-2UWE_A_A	A*02:252	99.273
IMGT-2UWE_A_A	A*02:101	99.636
IMGT-2UWE_A_A	A*02:16	99.636
IMGT-2UWE_A_A	A*02:913	99.273
IMGT-2UWE_A_A	A*02:911	99.273
IMGT-2UWE_A_A	A*02:908	99.273
IMGT-2UWE_A_A	A*02:894	99.273
IMGT-3H9H_A_A	A*02:742	99.636
IMGT-3H9H_A_A	A*02:930	99.636
IMGT-3H9H_A_A	A*02:779	99.636
IMGT-3H9H_A_A	A*02:665	99.636
IMGT-3H9H_A_A	A*02:942	99.636
IMGT-3H9H_A_A	A*02:919	99.636
IMGT-3H9H_A_A	A*02:884	99.636
IMGT-3H9H_A_A	A*02:874	99.636
IMGT-3H9H_A_A	A*02:870	99.636
IMGT-3H9H_A_A	A*02:869	99.636
IMGT-3H9H_A_A	A*02:866	99.636
IMGT-3H9H_A_A	A*02:852	99.636
IMGT-3H9H_A_A	A*02:830	99.636
IMGT-3H9H_A_A	A*02:819	99.636
IMGT-3H9H_A_A	A*02:812	99.636
IMGT-3H9H_A_A	A*02:776	99.636
IMGT-3H9H_A_A	A*02:765	99.636
IMGT-3H9H_A_A	A*02:763	99.636
IMGT-3H9H_A_A	A*02:762	99.636
IMGT-3H9H_A_A	A*02:761	99.636
IMGT-3H9H_A_A	A*02:753	99.636
IMGT-3H9H_A_A	A*02:740	99.636
IMGT-3H9H_A_A	A*02:724	99.636
IMGT-3H9H_A_A	A*02:722	99.636
IMGT-3H9H_A_A	A*02:716	99.636
IMGT-3H9H_A_A	A*02:704	99.636
IMGT-3H9H_A_A	A*02:689	99.636
IMGT-3H9H_A_A	A*02:642	99.636
IMGT-3H9H_A_A	A*02:01	99.636
IMGT-3H9H_A_A	A*02:928	99.636
IMGT-3H9H_A_A	A*02:917	99.636
IMGT-3H9H_A_A	A*02:916	99.636
IMGT-3H9H_A_A	A*02:865	99.636
IMGT-3H9H_A_A	A*02:864	99.636
IMGT-3H9H_A_A	A*02:853	99.636
IMGT-3H9H_A_A	A*02:846	99.636
IMGT-3H9H_A_A	A*02:810	99.636
IMGT-3H9H_A_A	A*02:744	99.636
IMGT-3H9H_A_A	A*02:719	99.636
IMGT-3H9H_A_A	A*02:686	99.636
IMGT-3H9H_A_A	A*02:844	99.636
IMGT-3H9H_A_A	A*02:786	99.636
IMGT-3H9H_A_A	A*02:658	99.273
IMGT-3H9H_A_A	A*02:252	99.273
IMGT-3H9H_A_A	A*02:911	99.273
IMGT-3H9H_A_A	A*02:908	99.273
IMGT-3H9H_A_A	A*02:894	99.273
IMGT-3H9H_A_A	A*02:888	99.273
IMGT-3H9H_A_A	A*02:857	99.273
IMGT-3H9H_A_A	A*02:772	99.273
IMGT-3IXA_A_A	A*02:742	99.636
IMGT-3IXA_A_A	A*02:930	99.636
IMGT-3IXA_A_A	A*02:779	99.636
IMGT-3IXA_A_A	A*02:665	99.636
IMGT-3IXA_A_A	A*02:942	99.636
IMGT-3IXA_A_A	A*02:919	99.636
IMGT-3IXA_A_A	A*02:884	99.636
IMGT-3IXA_A_A	A*02:874	99.636
IMGT-3IXA_A_A	A*02:870	99.636
IMGT-3IXA_A_A	A*02:869	99.636
IMGT-3IXA_A_A	A*02:866	99.636
IMGT-3IXA_A_A	A*02:852	99.636
IMGT-3IXA_A_A	A*02:830	99.636
IMGT-3IXA_A_A	A*02:819	99.636
IMGT-3IXA_A_A	A*02:812	99.636
IMGT-3IXA_A_A	A*02:776	99.636
IMGT-3IXA_A_A	A*02:765	99.636
IMGT-3IXA_A_A	A*02:763	99.636
IMGT-3IXA_A_A	A*02:762	99.636
IMGT-3IXA_A_A	A*02:761	99.636
IMGT-3IXA_A_A	A*02:753	99.636
IMGT-3IXA_A_A	A*02:740	99.636
IMGT-3IXA_A_A	A*02:724	99.636
IMGT-3IXA_A_A	A*02:722	99.636
IMGT-3IXA_A_A	A*02:716	99.636
IMGT-3IXA_A_A	A*02:704	99.636
IMGT-3IXA_A_A	A*02:689	99.636
IMGT-3IXA_A_A	A*02:642	99.636
IMGT-3IXA_A_A	A*02:01	99.636
IMGT-3IXA_A_A	A*02:928	99.636
IMGT-3IXA_A_A	A*02:917	99.636
IMGT-3IXA_A_A	A*02:916	99.636
IMGT-3IXA_A_A	A*02:865	99.636
IMGT-3IXA_A_A	A*02:864	99.636
IMGT-3IXA_A_A	A*02:853	99.636
IMGT-3IXA_A_A	A*02:846	99.636
IMGT-3IXA_A_A	A*02:810	99.636
IMGT-3IXA_A_A	A*02:744	99.636
IMGT-3IXA_A_A	A*02:719	99.636
IMGT-3IXA_A_A	A*02:686	99.636
IMGT-3IXA_A_A	A*02:844	99.636
IMGT-3IXA_A_A	A*02:786	99.636
IMGT-3IXA_A_A	A*02:658	99.273
IMGT-3IXA_A_A	A*02:252	99.273
IMGT-3IXA_A_A	A*02:911	99.273
IMGT-3IXA_A_A	A*02:908	99.273
IMGT-3IXA_A_A	A*02:894	99.273
IMGT-3IXA_A_A	A*02:888	99.273
IMGT-3IXA_A_A	A*02:857	99.273
IMGT-3IXA_A_A	A*02:772	99.273
IMGT-3WUW_A_A	B*57:138	99.636
IMGT-3WUW_A_A	B*57:103	99.636
IMGT-3WUW_A_A	B*57:01	99.636
IMGT-3WUW_A_A	B*57:136	99.636
IMGT-3WUW_A_A	B*57:140	99.273
IMGT-3WUW_A_A	B*57:133	99.273
IMGT-3WUW_A_A	B*57:123	99.273
IMGT-3WUW_A_A	B*57:112	99.273
IMGT-3WUW_A_A	B*57:109	99.273
IMGT-3WUW_A_A	B*57:107	99.273
IMGT-3WUW_A_A	B*57:29	99.273
IMGT-3WUW_A_A	B*57:134	99.273
IMGT-3WUW_A_A	B*57:126	99.273
IMGT-3WUW_A_A	B*57:125	99.273
IMGT-3WUW_A_A	B*57:104	99.273
IMGT-3WUW_A_A	B*57:99	99.273
IMGT-3WUW_A_A	B*57:15	99.273
IMGT-3WUW_A_A	B*57:06	99.273
IMGT-3WUW_A_A	B*57:132	99.635
IMGT-3WUW_A_A	B*57:127	99.273
IMGT-3WUW_A_A	B*57:115	99.273
IMGT-3WUW_A_A	B*57:113	99.273
IMGT-3WUW_A_A	B*57:92	99.273
IMGT-3WUW_A_A	B*57:114	99.273
IMGT-3WUW_A_A	B*57:102	99.273
IMGT-3WUW_A_A	B*57:100	99.273
IMGT-3WUW_A_A	B*57:91	99.273
IMGT-3WUW_A_A	B*57:121	99.273
IMGT-3WUW_A_A	B*57:110	99.273
IMGT-3WUW_A_A	B*57:97	99.273
IMGT-3WUW_A_A	B*57:93	99.273
IMGT-3WUW_A_A	B*57:86	99.273
IMGT-3WUW_A_A	B*57:141	99.273
IMGT-3WUW_A_A	B*57:135	99.273
IMGT-3WUW_A_A	B*57:131	99.273
IMGT-3WUW_A_A	B*57:128	99.273
IMGT-3WUW_A_A	B*57:108	99.273
IMGT-3WUW_A_A	B*57:95	99.273
IMGT-3WUW_A_A	B*57:08	99.273
IMGT-3WUW_A_A	B*57:116	99.273
IMGT-3WUW_A_A	B*57:78	99.273
IMGT-3WUW_A_A	B*57:03	98.909
IMGT-3WUW_A_A	B*57:124	98.909
IMGT-3WUW_A_A	B*57:120	98.909
IMGT-3WUW_A_A	B*57:101	98.545
IMGT-3WUW_A_A	B*57:94	98.545
IMGT-3WUW_A_A	B*57:137	98.545
IMGT-3WUW_A_A	B*57:96	98.545
IMGT-3WUW_A_A	B*57:83	98.545
IMGT-3WUW_A_A	B*57:119	98.909
IMGT-3X12_A_A	B*57:132	99.636
IMGT-3X12_A_A	B*57:138	99.636
IMGT-3X12_A_A	B*57:103	99.636
IMGT-3X12_A_A	B*57:01	99.636
IMGT-3X12_A_A	B*57:136	99.636
IMGT-3X12_A_A	B*57:133	99.273
IMGT-3X12_A_A	B*57:112	99.273
IMGT-3X12_A_A	B*57:107	99.273
IMGT-3X12_A_A	B*57:140	99.273
IMGT-3X12_A_A	B*57:126	99.273
IMGT-3X12_A_A	B*57:125	99.273
IMGT-3X12_A_A	B*57:123	99.273
IMGT-3X12_A_A	B*57:109	99.273
IMGT-3X12_A_A	B*57:29	99.273
IMGT-3X12_A_A	B*57:134	99.273
IMGT-3X12_A_A	B*57:127	99.273
IMGT-3X12_A_A	B*57:115	99.273
IMGT-3X12_A_A	B*57:113	99.273
IMGT-3X12_A_A	B*57:104	99.273
IMGT-3X12_A_A	B*57:99	99.273
IMGT-3X12_A_A	B*57:92	99.273
IMGT-3X12_A_A	B*57:91	99.273
IMGT-3X12_A_A	B*57:15	99.273
IMGT-3X12_A_A	B*57:06	99.273
IMGT-3X12_A_A	B*57:114	99.273
IMGT-3X12_A_A	B*57:102	99.273
IMGT-3X12_A_A	B*57:100	99.273
IMGT-3X12_A_A	B*57:131	99.273
IMGT-3X12_A_A	B*57:121	99.273
IMGT-3X12_A_A	B*57:97	99.273
IMGT-3X12_A_A	B*57:86	99.273
IMGT-3X12_A_A	B*57:135	99.273
IMGT-3X12_A_A	B*57:110	99.273
IMGT-3X12_A_A	B*57:108	99.273
IMGT-3X12_A_A	B*57:93	99.273
IMGT-3X12_A_A	B*57:08	99.273
IMGT-3X12_A_A	B*57:141	99.273
IMGT-3X12_A_A	B*57:128	99.273
IMGT-3X12_A_A	B*57:95	99.273
IMGT-3X12_A_A	B*57:116	99.273
IMGT-3X12_A_A	B*57:78	99.273
IMGT-3X12_A_A	B*57:124	98.909
IMGT-3X12_A_A	B*57:120	98.909
IMGT-3X12_A_A	B*57:03	98.909
IMGT-3X12_A_A	B*57:101	98.545
IMGT-3X12_A_A	B*57:94	98.545
IMGT-3X12_A_A	B*57:137	98.545
IMGT-3X12_A_A	B*57:96	98.545
IMGT-3X12_A_A	B*57:83	98.545
IMGT-3X12_A_A	B*57:119	98.909
IMGT-3X13_A_A	B*08:136	99.638
IMGT-3X13_A_A	B*08:247	99.638
IMGT-3X13_A_A	B*08:244	99.638
IMGT-3X13_A_A	B*08:238	99.638
IMGT-3X13_A_A	B*08:225	99.638
IMGT-3X13_A_A	B*08:222	99.638
IMGT-3X13_A_A	B*08:269	99.638
IMGT-3X13_A_A	B*08:267	99.638
IMGT-3X13_A_A	B*08:259	99.638
IMGT-3X13_A_A	B*08:248	99.638
IMGT-3X13_A_A	B*08:241	99.638
IMGT-3X13_A_A	B*08:233	99.638
IMGT-3X13_A_A	B*08:207	99.638
IMGT-3X13_A_A	B*08:183	99.638
IMGT-3X13_A_A	B*08:182	99.638
IMGT-3X13_A_A	B*08:173	99.638
IMGT-3X13_A_A	B*08:01	99.638
IMGT-3X13_A_A	B*08:192	99.275
IMGT-3X13_A_A	B*08:190	99.275
IMGT-3X13_A_A	B*08:258	99.275
IMGT-3X13_A_A	B*08:257	99.275
IMGT-3X13_A_A	B*08:237	99.275
IMGT-3X13_A_A	B*08:213	99.275
IMGT-3X13_A_A	B*08:212	99.275
IMGT-3X13_A_A	B*08:209	99.275
IMGT-3X13_A_A	B*08:204	99.275
IMGT-3X13_A_A	B*08:196	99.275
IMGT-3X13_A_A	B*08:194	99.275
IMGT-3X13_A_A	B*08:184	99.275
IMGT-3X13_A_A	B*08:161	99.275
IMGT-3X13_A_A	B*08:56	99.275
IMGT-3X13_A_A	B*08:265	99.275
IMGT-3X13_A_A	B*08:262	99.275
IMGT-3X13_A_A	B*08:249	99.275
IMGT-3X13_A_A	B*08:243	99.275
IMGT-3X13_A_A	B*08:240	99.275
IMGT-3X13_A_A	B*08:235	99.275
IMGT-3X13_A_A	B*08:231	99.275
IMGT-3X13_A_A	B*08:230	99.275
IMGT-3X13_A_A	B*08:229	99.275
IMGT-3X13_A_A	B*08:224	99.275
IMGT-3X13_A_A	B*08:223	99.275
IMGT-3X13_A_A	B*08:217	99.275
IMGT-3X13_A_A	B*08:167	99.275
IMGT-3X13_A_A	B*08:146	99.275
IMGT-3X13_A_A	B*08:145	99.275
IMGT-3X13_A_A	B*08:108	99.275
IMGT-3X13_A_A	B*08:33	99.275
IMGT-3X13_A_A	B*08:261	99.275
IMGT-3X13_A_A	B*08:260	99.275
IMGT-3X14_A_A	B*08:78	99.275
IMGT-3X14_A_A	B*08:216	99.275
IMGT-3X14_A_A	B*08:02	98.913
IMGT-3X14_A_A	B*08:222	98.913
IMGT-3X14_A_A	B*08:269	98.913
IMGT-3X14_A_A	B*08:267	98.913
IMGT-3X14_A_A	B*08:247	98.913
IMGT-3X14_A_A	B*08:244	98.913
IMGT-3X14_A_A	B*08:238	98.913
IMGT-3X14_A_A	B*08:225	98.913
IMGT-3X14_A_A	B*08:207	98.913
IMGT-3X14_A_A	B*08:199	98.913
IMGT-3X14_A_A	B*08:182	98.913
IMGT-3X14_A_A	B*08:136	98.913
IMGT-3X14_A_A	B*08:01	98.913
IMGT-3X14_A_A	B*08:259	98.913
IMGT-3X14_A_A	B*08:248	98.913
IMGT-3X14_A_A	B*08:241	98.913
IMGT-3X14_A_A	B*08:233	98.913
IMGT-3X14_A_A	B*08:183	98.913
IMGT-3X14_A_A	B*08:173	98.913
IMGT-3X14_A_A	B*08:29	98.913
IMGT-3X14_A_A	B*08:271	98.551
IMGT-3X14_A_A	B*08:258	98.551
IMGT-3X14_A_A	B*08:209	98.551
IMGT-3X14_A_A	B*08:192	98.551
IMGT-3X14_A_A	B*08:190	98.551
IMGT-3X14_A_A	B*08:161	98.551
IMGT-3X14_A_A	B*08:257	98.551
IMGT-3X14_A_A	B*08:243	98.551
IMGT-3X14_A_A	B*08:240	98.551
IMGT-3X14_A_A	B*08:237	98.551
IMGT-3X14_A_A	B*08:229	98.551
IMGT-3X14_A_A	B*08:217	98.551
IMGT-3X14_A_A	B*08:213	98.551
IMGT-3X14_A_A	B*08:212	98.551
IMGT-3X14_A_A	B*08:206	98.551
IMGT-3X14_A_A	B*08:204	98.551
IMGT-3X14_A_A	B*08:196	98.551
IMGT-3X14_A_A	B*08:194	98.551
IMGT-3X14_A_A	B*08:184	98.551
IMGT-3X14_A_A	B*08:146	98.551
IMGT-3X14_A_A	B*08:56	98.551
IMGT-3X14_A_A	B*08:33	98.551
IMGT-3X14_A_A	B*08:262	98.551
IMGT-3X14_A_A	B*08:261	98.551
IMGT-3X14_A_A	B*08:250	98.551
IMGT-3X14_A_A	B*08:249	98.551
IMGT-3X14_A_A	B*08:230	98.551
IMGT-3X14_A_A	B*08:224	98.551
IMGT-5IB5_A_A	B*27:09	100.000
IMGT-5IB5_A_A	B*27:206	99.638
IMGT-5IB5_A_A	B*27:184	99.638
IMGT-5IB5_A_A	B*27:231	99.638
IMGT-5IB5_A_A	B*27:230	99.638
IMGT-5IB5_A_A	B*27:216	99.638
IMGT-5IB5_A_A	B*27:196	99.638
IMGT-5IB5_A_A	B*27:195	99.638
IMGT-5IB5_A_A	B*27:190	99.638
IMGT-5IB5_A_A	B*27:162	99.638
IMGT-5IB5_A_A	B*27:13	99.638
IMGT-5IB5_A_A	B*27:05	99.638
IMGT-5IB5_A_A	B*27:220	99.638
IMGT-5IB5_A_A	B*27:177	99.275
IMGT-5IB5_A_A	B*27:118	99.275
IMGT-5IB5_A_A	B*27:17	99.275
IMGT-5IB5_A_A	B*27:207	99.275
IMGT-5IB5_A_A	B*27:200	99.275
IMGT-5IB5_A_A	B*27:178	99.275
IMGT-5IB5_A_A	B*27:239	99.275
IMGT-5IB5_A_A	B*27:221	99.275
IMGT-5IB5_A_A	B*27:191	99.275
IMGT-5IB5_A_A	B*27:179	99.275
IMGT-5IB5_A_A	B*27:174	99.275
IMGT-5IB5_A_A	B*27:101	99.275
IMGT-5IB5_A_A	B*27:52	99.275
IMGT-5IB5_A_A	B*27:03	99.275
IMGT-5IB5_A_A	B*27:241	99.275
IMGT-5IB5_A_A	B*27:150	98.913
IMGT-5IB5_A_A	B*27:137	99.275
IMGT-5IB5_A_A	B*27:32	99.275
IMGT-5IB5_A_A	B*27:238	99.275
IMGT-5IB5_A_A	B*27:235	99.275
IMGT-5IB5_A_A	B*27:234	99.275
IMGT-5IB5_A_A	B*27:217	99.275
IMGT-5IB5_A_A	B*27:193	99.275
IMGT-5IB5_A_A	B*27:189	99.275
IMGT-5IB5_A_A	B*27:186	99.275
IMGT-5IB5_A_A	B*27:170	99.275
IMGT-5IB5_A_A	B*27:169	99.275
IMGT-5IB5_A_A	B*27:146	99.275
IMGT-5IB5_A_A	B*27:205	99.275
IMGT-5IB5_A_A	B*27:110	99.275
IMGT-5IB5_A_A	B*27:70	99.275
IMGT-5IB5_A_A	B*27:10	99.275
IMGT-5IB5_A_A	B*27:227	99.275
IMGT-5IB5_A_A	B*27:209	99.275
IMGT-5IB5_A_A	B*27:201	99.275
IMGT-5IB5_A_A	B*27:199	99.275
IMGT-5IB5_A_A	B*27:175	99.275
IMGT-5T6W_A_A	B*57:138	100.000
IMGT-5T6W_A_A	B*57:01	100.000
IMGT-5T6W_A_A	B*57:103	100.000
IMGT-5T6W_A_A	B*57:136	100.000
IMGT-5T6W_A_A	B*57:133	99.636
IMGT-5T6W_A_A	B*57:126	99.636
IMGT-5T6W_A_A	B*57:109	99.636
IMGT-5T6W_A_A	B*57:107	99.636
IMGT-5T6W_A_A	B*57:29	99.636
IMGT-5T6W_A_A	B*57:140	99.636
IMGT-5T6W_A_A	B*57:132	100.000
IMGT-5T6W_A_A	B*57:125	99.636
IMGT-5T6W_A_A	B*57:123	99.636
IMGT-5T6W_A_A	B*57:115	99.636
IMGT-5T6W_A_A	B*57:113	99.636
IMGT-5T6W_A_A	B*57:112	99.636
IMGT-5T6W_A_A	B*57:104	99.636
IMGT-5T6W_A_A	B*57:15	99.636
IMGT-5T6W_A_A	B*57:127	99.636
IMGT-5T6W_A_A	B*57:92	99.636
IMGT-5T6W_A_A	B*57:91	99.636
IMGT-5T6W_A_A	B*57:06	99.636
IMGT-5T6W_A_A	B*57:134	99.636
IMGT-5T6W_A_A	B*57:114	99.636
IMGT-5T6W_A_A	B*57:102	99.636
IMGT-5T6W_A_A	B*57:100	99.636
IMGT-5T6W_A_A	B*57:99	99.636
IMGT-5T6W_A_A	B*57:97	99.636
IMGT-5T6W_A_A	B*57:86	99.636
IMGT-5T6W_A_A	B*57:135	99.636
IMGT-5T6W_A_A	B*57:121	99.636
IMGT-5T6W_A_A	B*57:93	99.636
IMGT-5T6W_A_A	B*57:141	99.636
IMGT-5T6W_A_A	B*57:131	99.636
IMGT-5T6W_A_A	B*57:128	99.636
IMGT-5T6W_A_A	B*57:110	99.636
IMGT-5T6W_A_A	B*57:108	99.636
IMGT-5T6W_A_A	B*57:95	99.636
IMGT-5T6W_A_A	B*57:08	99.636
IMGT-5T6W_A_A	B*57:03	99.273
IMGT-5T6W_A_A	B*57:116	99.636
IMGT-5T6W_A_A	B*57:78	99.636
IMGT-5T6W_A_A	B*57:124	99.273
IMGT-5T6W_A_A	B*57:120	99.273
IMGT-5T6W_A_A	B*57:101	98.909
IMGT-5T6W_A_A	B*57:94	98.909
IMGT-5T6W_A_A	B*57:96	98.909
IMGT-5T6W_A_A	B*57:137	98.909
IMGT-5T6W_A_A	B*57:83	98.909
IMGT-5T6W_A_A	B*57:119	99.273
IMGT-5T6X_A_A	B*57:138	100.000
IMGT-5T6X_A_A	B*57:01	100.000
IMGT-5T6X_A_A	B*57:103	100.000
IMGT-5T6X_A_A	B*57:136	100.000
IMGT-5T6X_A_A	B*57:133	99.636
IMGT-5T6X_A_A	B*57:126	99.636
IMGT-5T6X_A_A	B*57:109	99.636
IMGT-5T6X_A_A	B*57:107	99.636
IMGT-5T6X_A_A	B*57:29	99.636
IMGT-5T6X_A_A	B*57:140	99.636
IMGT-5T6X_A_A	B*57:132	100.000
IMGT-5T6X_A_A	B*57:125	99.636
IMGT-5T6X_A_A	B*57:123	99.636
IMGT-5T6X_A_A	B*57:115	99.636
IMGT-5T6X_A_A	B*57:113	99.636
IMGT-5T6X_A_A	B*57:112	99.636
IMGT-5T6X_A_A	B*57:104	99.636
IMGT-5T6X_A_A	B*57:15	99.636
IMGT-5T6X_A_A	B*57:127	99.636
IMGT-5T6X_A_A	B*57:92	99.636
IMGT-5T6X_A_A	B*57:91	99.636
IMGT-5T6X_A_A	B*57:06	99.636
IMGT-5T6X_A_A	B*57:134	99.636
IMGT-5T6X_A_A	B*57:114	99.636
IMGT-5T6X_A_A	B*57:102	99.636
IMGT-5T6X_A_A	B*57:100	99.636
IMGT-5T6X_A_A	B*57:99	99.636
IMGT-5T6X_A_A	B*57:97	99.636
IMGT-5T6X_A_A	B*57:86	99.636
IMGT-5T6X_A_A	B*57:135	99.636
IMGT-5T6X_A_A	B*57:121	99.636
IMGT-5T6X_A_A	B*57:93	99.636
IMGT-5T6X_A_A	B*57:141	99.636
IMGT-5T6X_A_A	B*57:131	99.636
IMGT-5T6X_A_A	B*57:128	99.636
IMGT-5T6X_A_A	B*57:110	99.636
IMGT-5T6X_A_A	B*57:108	99.636
IMGT-5T6X_A_A	B*57:95	99.636
IMGT-5T6X_A_A	B*57:08	99.636
IMGT-5T6X_A_A	B*57:03	99.273
IMGT-5T6X_A_A	B*57:116	99.636
IMGT-5T6X_A_A	B*57:78	99.636
IMGT-5T6X_A_A	B*57:124	99.273
IMGT-5T6X_A_A	B*57:120	99.273
IMGT-5T6X_A_A	B*57:101	98.909
IMGT-5T6X_A_A	B*57:94	98.909
IMGT-5T6X_A_A	B*57:96	98.909
IMGT-5T6X_A_A	B*57:137	98.909
IMGT-5T6X_A_A	B*57:83	98.909
IMGT-5T6X_A_A	B*57:119	99.273
IMGT-5T6Y_A_A	B*57:138	100.000
IMGT-5T6Y_A_A	B*57:103	100.000
IMGT-5T6Y_A_A	B*57:01	100.000
IMGT-5T6Y_A_A	B*57:136	100.000
IMGT-5T6Y_A_A	B*57:140	99.638
IMGT-5T6Y_A_A	B*57:133	99.638
IMGT-5T6Y_A_A	B*57:126	99.638
IMGT-5T6Y_A_A	B*57:125	99.638
IMGT-5T6Y_A_A	B*57:123	99.638
IMGT-5T6Y_A_A	B*57:112	99.638
IMGT-5T6Y_A_A	B*57:109	99.638
IMGT-5T6Y_A_A	B*57:107	99.638
IMGT-5T6Y_A_A	B*57:29	99.638
IMGT-5T6Y_A_A	B*57:132	100.000
IMGT-5T6Y_A_A	B*57:115	99.638
IMGT-5T6Y_A_A	B*57:113	99.638
IMGT-5T6Y_A_A	B*57:104	99.638
IMGT-5T6Y_A_A	B*57:92	99.638
IMGT-5T6Y_A_A	B*57:91	99.638
IMGT-5T6Y_A_A	B*57:15	99.638
IMGT-5T6Y_A_A	B*57:06	99.638
IMGT-5T6Y_A_A	B*57:134	99.638
IMGT-5T6Y_A_A	B*57:127	99.638
IMGT-5T6Y_A_A	B*57:100	99.638
IMGT-5T6Y_A_A	B*57:99	99.638
IMGT-5T6Y_A_A	B*57:97	99.638
IMGT-5T6Y_A_A	B*57:114	99.638
IMGT-5T6Y_A_A	B*57:102	99.638
IMGT-5T6Y_A_A	B*57:86	99.638
IMGT-5T6Y_A_A	B*57:135	99.638
IMGT-5T6Y_A_A	B*57:131	99.638
IMGT-5T6Y_A_A	B*57:121	99.638
IMGT-5T6Y_A_A	B*57:110	99.638
IMGT-5T6Y_A_A	B*57:141	99.638
IMGT-5T6Y_A_A	B*57:128	99.638
IMGT-5T6Y_A_A	B*57:108	99.638
IMGT-5T6Y_A_A	B*57:95	99.638
IMGT-5T6Y_A_A	B*57:93	99.638
IMGT-5T6Y_A_A	B*57:08	99.638
IMGT-5T6Y_A_A	B*57:03	99.275
IMGT-5T6Y_A_A	B*57:116	99.638
IMGT-5T6Y_A_A	B*57:78	99.638
IMGT-5T6Y_A_A	B*57:124	99.275
IMGT-5T6Y_A_A	B*57:120	99.275
IMGT-5T6Y_A_A	B*57:101	98.913
IMGT-5T6Y_A_A	B*57:94	98.913
IMGT-5T6Y_A_A	B*57:96	98.913
IMGT-5T6Y_A_A	B*57:137	98.913
IMGT-5T6Y_A_A	B*57:83	98.913
IMGT-5T6Y_A_A	B*57:119	99.275
IMGT-5T6Z_A_A	B*57:138	100.000
IMGT-5T6Z_A_A	B*57:01	100.000
IMGT-5T6Z_A_A	B*57:103	100.000
IMGT-5T6Z_A_A	B*57:136	100.000
IMGT-5T6Z_A_A	B*57:133	99.636
IMGT-5T6Z_A_A	B*57:126	99.636
IMGT-5T6Z_A_A	B*57:109	99.636
IMGT-5T6Z_A_A	B*57:107	99.636
IMGT-5T6Z_A_A	B*57:29	99.636
IMGT-5T6Z_A_A	B*57:140	99.636
IMGT-5T6Z_A_A	B*57:132	100.000
IMGT-5T6Z_A_A	B*57:125	99.636
IMGT-5T6Z_A_A	B*57:123	99.636
IMGT-5T6Z_A_A	B*57:115	99.636
IMGT-5T6Z_A_A	B*57:113	99.636
IMGT-5T6Z_A_A	B*57:112	99.636
IMGT-5T6Z_A_A	B*57:104	99.636
IMGT-5T6Z_A_A	B*57:15	99.636
IMGT-5T6Z_A_A	B*57:127	99.636
IMGT-5T6Z_A_A	B*57:92	99.636
IMGT-5T6Z_A_A	B*57:91	99.636
IMGT-5T6Z_A_A	B*57:06	99.636
IMGT-5T6Z_A_A	B*57:134	99.636
IMGT-5T6Z_A_A	B*57:114	99.636
IMGT-5T6Z_A_A	B*57:102	99.636
IMGT-5T6Z_A_A	B*57:100	99.636
IMGT-5T6Z_A_A	B*57:99	99.636
IMGT-5T6Z_A_A	B*57:97	99.636
IMGT-5T6Z_A_A	B*57:86	99.636
IMGT-5T6Z_A_A	B*57:135	99.636
IMGT-5T6Z_A_A	B*57:121	99.636
IMGT-5T6Z_A_A	B*57:93	99.636
IMGT-5T6Z_A_A	B*57:141	99.636
IMGT-5T6Z_A_A	B*57:131	99.636
IMGT-5T6Z_A_A	B*57:128	99.636
IMGT-5T6Z_A_A	B*57:110	99.636
IMGT-5T6Z_A_A	B*57:108	99.636
IMGT-5T6Z_A_A	B*57:95	99.636
IMGT-5T6Z_A_A	B*57:08	99.636
IMGT-5T6Z_A_A	B*57:03	99.273
IMGT-5T6Z_A_A	B*57:116	99.636
IMGT-5T6Z_A_A	B*57:78	99.636
IMGT-5T6Z_A_A	B*57:124	99.273
IMGT-5T6Z_A_A	B*57:120	99.273
IMGT-5T6Z_A_A	B*57:101	98.909
IMGT-5T6Z_A_A	B*57:94	98.909
IMGT-5T6Z_A_A	B*57:96	98.909
IMGT-5T6Z_A_A	B*57:137	98.909
IMGT-5T6Z_A_A	B*57:83	98.909
IMGT-5T6Z_A_A	B*57:119	99.273
IMGT-5T70_A_A	B*57:138	100.000
IMGT-5T70_A_A	B*57:01	100.000
IMGT-5T70_A_A	B*57:103	100.000
IMGT-5T70_A_A	B*57:136	100.000
IMGT-5T70_A_A	B*57:133	99.636
IMGT-5T70_A_A	B*57:126	99.636
IMGT-5T70_A_A	B*57:109	99.636
IMGT-5T70_A_A	B*57:107	99.636
IMGT-5T70_A_A	B*57:29	99.636
IMGT-5T70_A_A	B*57:140	99.636
IMGT-5T70_A_A	B*57:132	100.000
IMGT-5T70_A_A	B*57:125	99.636
IMGT-5T70_A_A	B*57:123	99.636
IMGT-5T70_A_A	B*57:115	99.636
IMGT-5T70_A_A	B*57:113	99.636
IMGT-5T70_A_A	B*57:112	99.636
IMGT-5T70_A_A	B*57:104	99.636
IMGT-5T70_A_A	B*57:15	99.636
IMGT-5T70_A_A	B*57:127	99.636
IMGT-5T70_A_A	B*57:92	99.636
IMGT-5T70_A_A	B*57:91	99.636
IMGT-5T70_A_A	B*57:06	99.636
IMGT-5T70_A_A	B*57:134	99.636
IMGT-5T70_A_A	B*57:114	99.636
IMGT-5T70_A_A	B*57:102	99.636
IMGT-5T70_A_A	B*57:100	99.636
IMGT-5T70_A_A	B*57:99	99.636
IMGT-5T70_A_A	B*57:97	99.636
IMGT-5T70_A_A	B*57:86	99.636
IMGT-5T70_A_A	B*57:135	99.636
IMGT-5T70_A_A	B*57:121	99.636
IMGT-5T70_A_A	B*57:93	99.636
IMGT-5T70_A_A	B*57:141	99.636
IMGT-5T70_A_A	B*57:131	99.636
IMGT-5T70_A_A	B*57:128	99.636
IMGT-5T70_A_A	B*57:110	99.636
IMGT-5T70_A_A	B*57:108	99.636
IMGT-5T70_A_A	B*57:95	99.636
IMGT-5T70_A_A	B*57:08	99.636
IMGT-5T70_A_A	B*57:03	99.273
IMGT-5T70_A_A	B*57:116	99.636
IMGT-5T70_A_A	B*57:78	99.636
IMGT-5T70_A_A	B*57:124	99.273
IMGT-5T70_A_A	B*57:120	99.273
IMGT-5T70_A_A	B*57:101	98.909
IMGT-5T70_A_A	B*57:94	98.909
IMGT-5T70_A_A	B*57:96	98.909
IMGT-5T70_A_A	B*57:137	98.909
IMGT-5T70_A_A	B*57:83	98.909
IMGT-5T70_A_A	B*57:119	99.273
IMGT-5V5M_A_A	B*57:138	100.000
IMGT-5V5M_A_A	B*57:103	100.000
IMGT-5V5M_A_A	B*57:01	100.000
IMGT-5V5M_A_A	B*57:136	100.000
IMGT-5V5M_A_A	B*57:140	99.638
IMGT-5V5M_A_A	B*57:133	99.638
IMGT-5V5M_A_A	B*57:123	99.638
IMGT-5V5M_A_A	B*57:29	99.638
IMGT-5V5M_A_A	B*57:134	99.638
IMGT-5V5M_A_A	B*57:126	99.638
IMGT-5V5M_A_A	B*57:125	99.638
IMGT-5V5M_A_A	B*57:112	99.638
IMGT-5V5M_A_A	B*57:109	99.638
IMGT-5V5M_A_A	B*57:107	99.638
IMGT-5V5M_A_A	B*57:99	99.638
IMGT-5V5M_A_A	B*57:132	100.000
IMGT-5V5M_A_A	B*57:104	99.638
IMGT-5V5M_A_A	B*57:91	99.638
IMGT-5V5M_A_A	B*57:15	99.638
IMGT-5V5M_A_A	B*57:06	99.638
IMGT-5V5M_A_A	B*57:127	99.638
IMGT-5V5M_A_A	B*57:115	99.638
IMGT-5V5M_A_A	B*57:114	99.638
IMGT-5V5M_A_A	B*57:113	99.638
IMGT-5V5M_A_A	B*57:100	99.638
IMGT-5V5M_A_A	B*57:97	99.638
IMGT-5V5M_A_A	B*57:92	99.638
IMGT-5V5M_A_A	B*57:102	99.638
IMGT-5V5M_A_A	B*57:86	99.638
IMGT-5V5M_A_A	B*57:135	99.638
IMGT-5V5M_A_A	B*57:131	99.638
IMGT-5V5M_A_A	B*57:121	99.638
IMGT-5V5M_A_A	B*57:110	99.638
IMGT-5V5M_A_A	B*57:108	99.638
IMGT-5V5M_A_A	B*57:93	99.638
IMGT-5V5M_A_A	B*57:08	99.638
IMGT-5V5M_A_A	B*57:141	99.638
IMGT-5V5M_A_A	B*57:128	99.638
IMGT-5V5M_A_A	B*57:95	99.638
IMGT-5V5M_A_A	B*57:116	99.638
IMGT-5V5M_A_A	B*57:78	99.638
IMGT-5V5M_A_A	B*57:03	99.275
IMGT-5V5M_A_A	B*57:124	99.275
IMGT-5V5M_A_A	B*57:120	99.275
IMGT-5V5M_A_A	B*57:101	98.913
IMGT-5V5M_A_A	B*57:94	98.913
IMGT-5V5M_A_A	B*57:137	98.913
IMGT-5V5M_A_A	B*57:96	98.913
IMGT-5V5M_A_A	B*57:83	98.913
IMGT-5V5M_A_A	B*57:119	99.275
IMGT-5W1V_A_A	C*01:73	81.319
IMGT-5W1V_A_A	C*01:209	81.091
IMGT-5W1V_A_A	C*01:149	81.091
IMGT-5W1V_A_A	C*01:59	81.091
IMGT-5W1V_A_A	C*01:215	81.091
IMGT-5W1V_A_A	C*01:14	81.091
IMGT-5W1V_A_A	C*01:146	81.091
IMGT-5W1V_A_A	C*01:126	80.727
IMGT-5W1V_A_A	C*14:26	80.727
IMGT-5W1V_A_A	C*01:03	81.091
IMGT-5W1V_A_A	C*01:200	81.091
IMGT-5W1V_A_A	C*01:205	80.727
IMGT-5W1V_A_A	C*12:340	80.364
IMGT-5W1V_A_A	C*01:153	80.727
IMGT-5W1V_A_A	C*01:195	80.727
IMGT-5W1V_A_A	C*01:180	80.727
IMGT-5W1V_A_A	C*14:120	80.727
IMGT-5W1V_A_A	C*01:128	80.727
IMGT-5W1V_A_A	C*01:40	80.727
IMGT-5W1V_A_A	C*01:08	80.727
IMGT-5W1V_A_A	C*01:150	80.727
IMGT-5W1V_A_A	C*06:154	80.727
IMGT-5W1V_A_A	C*01:219	80.727
IMGT-5W1V_A_A	C*01:214	80.727
IMGT-5W1V_A_A	C*01:182	80.727
IMGT-5W1V_A_A	C*01:174	80.727
IMGT-5W1V_A_A	C*01:164	80.727
IMGT-5W1V_A_A	C*01:151	80.727
IMGT-5W1V_A_A	C*01:142	80.727
IMGT-5W1V_A_A	C*01:127	80.727
IMGT-5W1V_A_A	C*01:02	80.727
IMGT-5W1V_A_A	C*06:103	80.727
IMGT-5W1V_A_A	C*01:17	80.727
IMGT-5W1V_A_A	C*01:194	80.727
IMGT-5W1V_A_A	C*01:147	80.727
IMGT-5W1V_A_A	C*01:217	80.727
IMGT-5W1V_A_A	C*01:172	80.727
IMGT-5W1V_A_A	C*14:04	80.727
IMGT-5W1V_A_A	C*01:199	80.727
IMGT-5W1V_A_A	C*14:29	80.364
IMGT-5W1V_A_A	C*01:148	80.727
IMGT-5W1V_A_A	C*01:74	80.727
IMGT-5W1V_A_A	C*01:173	80.727
IMGT-5W1V_A_A	C*06:09	80.727
IMGT-5W1V_A_A	C*14:98	80.727
IMGT-5W1V_A_A	C*06:198	80.727
IMGT-5W1V_A_A	C*12:24	80.000
IMGT-5W1V_A_A	C*01:106	80.727
IMGT-5W1V_A_A	C*06:30	80.727
IMGT-5W1V_A_A	C*12:05	80.364
IMGT-5W1W_A_A	C*01:73	81.319
IMGT-5W1W_A_A	C*01:209	81.091
IMGT-5W1W_A_A	C*01:149	81.091
IMGT-5W1W_A_A	C*01:59	81.091
IMGT-5W1W_A_A	C*01:215	81.091
IMGT-5W1W_A_A	C*01:14	81.091
IMGT-5W1W_A_A	C*01:146	81.091
IMGT-5W1W_A_A	C*01:126	80.727
IMGT-5W1W_A_A	C*14:26	80.727
IMGT-5W1W_A_A	C*01:03	81.091
IMGT-5W1W_A_A	C*01:200	81.091
IMGT-5W1W_A_A	C*01:205	80.727
IMGT-5W1W_A_A	C*12:340	80.364
IMGT-5W1W_A_A	C*01:153	80.727
IMGT-5W1W_A_A	C*01:195	80.727
IMGT-5W1W_A_A	C*01:180	80.727
IMGT-5W1W_A_A	C*14:120	80.727
IMGT-5W1W_A_A	C*01:128	80.727
IMGT-5W1W_A_A	C*01:40	80.727
IMGT-5W1W_A_A	C*01:08	80.727
IMGT-5W1W_A_A	C*01:150	80.727
IMGT-5W1W_A_A	C*06:154	80.727
IMGT-5W1W_A_A	C*01:219	80.727
IMGT-5W1W_A_A	C*01:214	80.727
IMGT-5W1W_A_A	C*01:182	80.727
IMGT-5W1W_A_A	C*01:174	80.727
IMGT-5W1W_A_A	C*01:164	80.727
IMGT-5W1W_A_A	C*01:151	80.727
IMGT-5W1W_A_A	C*01:142	80.727
IMGT-5W1W_A_A	C*01:127	80.727
IMGT-5W1W_A_A	C*01:02	80.727
IMGT-5W1W_A_A	C*06:103	80.727
IMGT-5W1W_A_A	C*01:17	80.727
IMGT-5W1W_A_A	C*01:194	80.727
IMGT-5W1W_A_A	C*01:147	80.727
IMGT-5W1W_A_A	C*01:217	80.727
IMGT-5W1W_A_A	C*01:172	80.727
IMGT-5W1W_A_A	C*14:04	80.727
IMGT-5W1W_A_A	C*01:199	80.727
IMGT-5W1W_A_A	C*14:29	80.364
IMGT-5W1W_A_A	C*01:148	80.727
IMGT-5W1W_A_A	C*01:74	80.727
IMGT-5W1W_A_A	C*01:173	80.727
IMGT-5W1W_A_A	C*06:09	80.727
IMGT-5W1W_A_A	C*14:98	80.727
IMGT-5W1W_A_A	C*06:198	80.727
IMGT-5W1W_A_A	C*12:24	80.000
IMGT-5W1W_A_A	C*01:106	80.727
IMGT-5W1W_A_A	C*06:30	80.727
IMGT-5W1W_A_A	C*12:05	80.364
IMGT-5WJL_A_A	A*11:353	100.000
IMGT-5WJL_A_A	A*11:280	100.000
IMGT-5WJL_A_A	A*11:328	100.000
IMGT-5WJL_A_A	A*11:324	100.000
IMGT-5WJL_A_A	A*11:320	100.000
IMGT-5WJL_A_A	A*11:316	100.000
IMGT-5WJL_A_A	A*11:306	100.000
IMGT-5WJL_A_A	A*11:303	100.000
IMGT-5WJL_A_A	A*11:295	100.000
IMGT-5WJL_A_A	A*11:278	100.000
IMGT-5WJL_A_A	A*11:270	100.000
IMGT-5WJL_A_A	A*11:263	100.000
IMGT-5WJL_A_A	A*11:01	100.000
IMGT-5WJL_A_A	A*11:321	99.635
IMGT-5WJL_A_A	A*11:349	99.635
IMGT-5WJL_A_A	A*11:282	99.635
IMGT-5WJL_A_A	A*11:380	99.635
IMGT-5WJL_A_A	A*11:377	99.635
IMGT-5WJL_A_A	A*11:368	99.635
IMGT-5WJL_A_A	A*11:366	99.635
IMGT-5WJL_A_A	A*11:363	99.635
IMGT-5WJL_A_A	A*11:362	99.635
IMGT-5WJL_A_A	A*11:357	99.635
IMGT-5WJL_A_A	A*11:352	99.635
IMGT-5WJL_A_A	A*11:343	99.635
IMGT-5WJL_A_A	A*11:334	99.635
IMGT-5WJL_A_A	A*11:322	99.635
IMGT-5WJL_A_A	A*11:315	99.635
IMGT-5WJL_A_A	A*11:314	99.635
IMGT-5WJL_A_A	A*11:311	99.635
IMGT-5WJL_A_A	A*11:307	99.635
IMGT-5WJL_A_A	A*11:305	99.635
IMGT-5WJL_A_A	A*11:289	99.635
IMGT-5WJL_A_A	A*11:285	99.635
IMGT-5WJL_A_A	A*11:283	99.635
IMGT-5WJL_A_A	A*11:279	99.635
IMGT-5WJL_A_A	A*11:252	99.635
IMGT-5WJL_A_A	A*11:160	99.635
IMGT-5WJL_A_A	A*11:75	99.635
IMGT-5WJL_A_A	A*11:09	99.635
IMGT-5WJL_A_A	A*11:379	99.635
IMGT-5WJL_A_A	A*11:361	99.635
IMGT-5WJL_A_A	A*11:360	99.635
IMGT-5WJL_A_A	A*11:356	99.635
IMGT-5WJL_A_A	A*11:345	99.635
IMGT-5WJL_A_A	A*11:336	99.635
IMGT-5WJL_A_A	A*11:335	99.635
IMGT-5WJL_A_A	A*11:329	99.635
IMGT-5WJL_A_A	A*11:319	99.635
IMGT-5WJL_A_A	A*11:317	99.635
IMGT-5WJN_A_A	A*11:353	100.000
IMGT-5WJN_A_A	A*11:280	100.000
IMGT-5WJN_A_A	A*11:328	100.000
IMGT-5WJN_A_A	A*11:324	100.000
IMGT-5WJN_A_A	A*11:320	100.000
IMGT-5WJN_A_A	A*11:316	100.000
IMGT-5WJN_A_A	A*11:306	100.000
IMGT-5WJN_A_A	A*11:303	100.000
IMGT-5WJN_A_A	A*11:295	100.000
IMGT-5WJN_A_A	A*11:278	100.000
IMGT-5WJN_A_A	A*11:270	100.000
IMGT-5WJN_A_A	A*11:263	100.000
IMGT-5WJN_A_A	A*11:01	100.000
IMGT-5WJN_A_A	A*11:321	99.635
IMGT-5WJN_A_A	A*11:349	99.635
IMGT-5WJN_A_A	A*11:282	99.635
IMGT-5WJN_A_A	A*11:380	99.635
IMGT-5WJN_A_A	A*11:377	99.635
IMGT-5WJN_A_A	A*11:368	99.635
IMGT-5WJN_A_A	A*11:366	99.635
IMGT-5WJN_A_A	A*11:363	99.635
IMGT-5WJN_A_A	A*11:362	99.635
IMGT-5WJN_A_A	A*11:357	99.635
IMGT-5WJN_A_A	A*11:352	99.635
IMGT-5WJN_A_A	A*11:343	99.635
IMGT-5WJN_A_A	A*11:334	99.635
IMGT-5WJN_A_A	A*11:322	99.635
IMGT-5WJN_A_A	A*11:315	99.635
IMGT-5WJN_A_A	A*11:314	99.635
IMGT-5WJN_A_A	A*11:311	99.635
IMGT-5WJN_A_A	A*11:307	99.635
IMGT-5WJN_A_A	A*11:305	99.635
IMGT-5WJN_A_A	A*11:289	99.635
IMGT-5WJN_A_A	A*11:285	99.635
IMGT-5WJN_A_A	A*11:283	99.635
IMGT-5WJN_A_A	A*11:279	99.635
IMGT-5WJN_A_A	A*11:252	99.635
IMGT-5WJN_A_A	A*11:160	99.635
IMGT-5WJN_A_A	A*11:75	99.635
IMGT-5WJN_A_A	A*11:09	99.635
IMGT-5WJN_A_A	A*11:379	99.635
IMGT-5WJN_A_A	A*11:361	99.635
IMGT-5WJN_A_A	A*11:360	99.635
IMGT-5WJN_A_A	A*11:356	99.635
IMGT-5WJN_A_A	A*11:345	99.635
IMGT-5WJN_A_A	A*11:336	99.635
IMGT-5WJN_A_A	A*11:335	99.635
IMGT-5WJN_A_A	A*11:329	99.635
IMGT-5WJN_A_A	A*11:319	99.635
IMGT-5WJN_A_A	A*11:317	99.635
IMGT-5WKF_A_A	A*11:353	100.000
IMGT-5WKF_A_A	A*11:280	100.000
IMGT-5WKF_A_A	A*11:328	100.000
IMGT-5WKF_A_A	A*11:324	100.000
IMGT-5WKF_A_A	A*11:320	100.000
IMGT-5WKF_A_A	A*11:316	100.000
IMGT-5WKF_A_A	A*11:306	100.000
IMGT-5WKF_A_A	A*11:303	100.000
IMGT-5WKF_A_A	A*11:295	100.000
IMGT-5WKF_A_A	A*11:278	100.000
IMGT-5WKF_A_A	A*11:270	100.000
IMGT-5WKF_A_A	A*11:263	100.000
IMGT-5WKF_A_A	A*11:01	100.000
IMGT-5WKF_A_A	A*11:321	99.635
IMGT-5WKF_A_A	A*11:349	99.635
IMGT-5WKF_A_A	A*11:282	99.635
IMGT-5WKF_A_A	A*11:380	99.635
IMGT-5WKF_A_A	A*11:377	99.635
IMGT-5WKF_A_A	A*11:368	99.635
IMGT-5WKF_A_A	A*11:366	99.635
IMGT-5WKF_A_A	A*11:363	99.635
IMGT-5WKF_A_A	A*11:362	99.635
IMGT-5WKF_A_A	A*11:357	99.635
IMGT-5WKF_A_A	A*11:352	99.635
IMGT-5WKF_A_A	A*11:343	99.635
IMGT-5WKF_A_A	A*11:334	99.635
IMGT-5WKF_A_A	A*11:322	99.635
IMGT-5WKF_A_A	A*11:315	99.635
IMGT-5WKF_A_A	A*11:314	99.635
IMGT-5WKF_A_A	A*11:311	99.635
IMGT-5WKF_A_A	A*11:307	99.635
IMGT-5WKF_A_A	A*11:305	99.635
IMGT-5WKF_A_A	A*11:289	99.635
IMGT-5WKF_A_A	A*11:285	99.635
IMGT-5WKF_A_A	A*11:283	99.635
IMGT-5WKF_A_A	A*11:279	99.635
IMGT-5WKF_A_A	A*11:252	99.635
IMGT-5WKF_A_A	A*11:160	99.635
IMGT-5WKF_A_A	A*11:75	99.635
IMGT-5WKF_A_A	A*11:09	99.635
IMGT-5WKF_A_A	A*11:379	99.635
IMGT-5WKF_A_A	A*11:361	99.635
IMGT-5WKF_A_A	A*11:360	99.635
IMGT-5WKF_A_A	A*11:356	99.635
IMGT-5WKF_A_A	A*11:345	99.635
IMGT-5WKF_A_A	A*11:336	99.635
IMGT-5WKF_A_A	A*11:335	99.635
IMGT-5WKF_A_A	A*11:329	99.635
IMGT-5WKF_A_A	A*11:319	99.635
IMGT-5WKF_A_A	A*11:317	99.635
IMGT-5WKH_A_A	A*11:353	100.000
IMGT-5WKH_A_A	A*11:280	100.000
IMGT-5WKH_A_A	A*11:328	100.000
IMGT-5WKH_A_A	A*11:324	100.000
IMGT-5WKH_A_A	A*11:320	100.000
IMGT-5WKH_A_A	A*11:316	100.000
IMGT-5WKH_A_A	A*11:306	100.000
IMGT-5WKH_A_A	A*11:303	100.000
IMGT-5WKH_A_A	A*11:295	100.000
IMGT-5WKH_A_A	A*11:278	100.000
IMGT-5WKH_A_A	A*11:270	100.000
IMGT-5WKH_A_A	A*11:263	100.000
IMGT-5WKH_A_A	A*11:01	100.000
IMGT-5WKH_A_A	A*11:321	99.635
IMGT-5WKH_A_A	A*11:349	99.635
IMGT-5WKH_A_A	A*11:282	99.635
IMGT-5WKH_A_A	A*11:380	99.635
IMGT-5WKH_A_A	A*11:377	99.635
IMGT-5WKH_A_A	A*11:368	99.635
IMGT-5WKH_A_A	A*11:366	99.635
IMGT-5WKH_A_A	A*11:363	99.635
IMGT-5WKH_A_A	A*11:362	99.635
IMGT-5WKH_A_A	A*11:357	99.635
IMGT-5WKH_A_A	A*11:352	99.635
IMGT-5WKH_A_A	A*11:343	99.635
IMGT-5WKH_A_A	A*11:334	99.635
IMGT-5WKH_A_A	A*11:322	99.635
IMGT-5WKH_A_A	A*11:315	99.635
IMGT-5WKH_A_A	A*11:314	99.635
IMGT-5WKH_A_A	A*11:311	99.635
IMGT-5WKH_A_A	A*11:307	99.635
IMGT-5WKH_A_A	A*11:305	99.635
IMGT-5WKH_A_A	A*11:289	99.635
IMGT-5WKH_A_A	A*11:285	99.635
IMGT-5WKH_A_A	A*11:283	99.635
IMGT-5WKH_A_A	A*11:279	99.635
IMGT-5WKH_A_A	A*11:252	99.635
IMGT-5WKH_A_A	A*11:160	99.635
IMGT-5WKH_A_A	A*11:75	99.635
IMGT-5WKH_A_A	A*11:09	99.635
IMGT-5WKH_A_A	A*11:379	99.635
IMGT-5WKH_A_A	A*11:361	99.635
IMGT-5WKH_A_A	A*11:360	99.635
IMGT-5WKH_A_A	A*11:356	99.635
IMGT-5WKH_A_A	A*11:345	99.635
IMGT-5WKH_A_A	A*11:336	99.635
IMGT-5WKH_A_A	A*11:335	99.635
IMGT-5WKH_A_A	A*11:329	99.635
IMGT-5WKH_A_A	A*11:319	99.635
IMGT-5WKH_A_A	A*11:317	99.635
IMGT-5WWI_A_A	A*24:437	100.000
IMGT-5WWI_A_A	A*24:402	100.000
IMGT-5WWI_A_A	A*24:465	100.000
IMGT-5WWI_A_A	A*24:454	100.000
IMGT-5WWI_A_A	A*24:511	100.000
IMGT-5WWI_A_A	A*24:507	100.000
IMGT-5WWI_A_A	A*24:470	100.000
IMGT-5WWI_A_A	A*24:466	100.000
IMGT-5WWI_A_A	A*24:464	100.000
IMGT-5WWI_A_A	A*24:463	100.000
IMGT-5WWI_A_A	A*24:460	100.000
IMGT-5WWI_A_A	A*24:451	100.000
IMGT-5WWI_A_A	A*24:436	100.000
IMGT-5WWI_A_A	A*24:422	100.000
IMGT-5WWI_A_A	A*24:418	100.000
IMGT-5WWI_A_A	A*24:352	100.000
IMGT-5WWI_A_A	A*24:02	100.000
IMGT-5WWI_A_A	A*24:474	100.000
IMGT-5WWI_A_A	A*24:469	100.000
IMGT-5WWI_A_A	A*24:443	100.000
IMGT-5WWI_A_A	A*24:423	99.635
IMGT-5WWI_A_A	A*24:419	100.000
IMGT-5WWI_A_A	A*24:353	100.000
IMGT-5WWI_A_A	A*24:500	100.000
IMGT-5WWI_A_A	A*24:496	100.000
IMGT-5WWI_A_A	A*24:414	99.635
IMGT-5WWI_A_A	A*24:122	99.635
IMGT-5WWI_A_A	A*24:120	99.635
IMGT-5WWI_A_A	A*24:502	99.635
IMGT-5WWI_A_A	A*24:498	99.635
IMGT-5WWI_A_A	A*24:490	99.635
IMGT-5WWI_A_A	A*24:476	99.635
IMGT-5WWI_A_A	A*24:472	99.635
IMGT-5WWI_A_A	A*24:371	99.635
IMGT-5WWI_A_A	A*24:331	99.635
IMGT-5WWI_A_A	A*24:280	99.635
IMGT-5WWI_A_A	A*24:128	99.635
IMGT-5WWI_A_A	A*24:116	99.635
IMGT-5WWI_A_A	A*24:31	99.635
IMGT-5WWI_A_A	A*24:505	99.635
IMGT-5WWI_A_A	A*24:444	99.635
IMGT-5WWI_A_A	A*24:412	99.635
IMGT-5WWI_A_A	A*24:361	99.635
IMGT-5WWI_A_A	A*24:248	99.635
IMGT-5WWI_A_A	A*24:234	99.635
IMGT-5WWI_A_A	A*24:97	99.635
IMGT-5WWI_A_A	A*24:68	99.635
IMGT-5WWI_A_A	A*24:53	99.635
IMGT-5WWI_A_A	A*24:05	99.635
IMGT-5WWI_A_A	A*24:497	99.635
IMGT-5WWJ_A_A	A*24:437	100.000
IMGT-5WWJ_A_A	A*24:402	100.000
IMGT-5WWJ_A_A	A*24:465	100.000
IMGT-5WWJ_A_A	A*24:454	100.000
IMGT-5WWJ_A_A	A*24:511	100.000
IMGT-5WWJ_A_A	A*24:507	100.000
IMGT-5WWJ_A_A	A*24:470	100.000
IMGT-5WWJ_A_A	A*24:466	100.000
IMGT-5WWJ_A_A	A*24:464	100.000
IMGT-5WWJ_A_A	A*24:463	100.000
IMGT-5WWJ_A_A	A*24:460	100.000
IMGT-5WWJ_A_A	A*24:451	100.000
IMGT-5WWJ_A_A	A*24:436	100.000
IMGT-5WWJ_A_A	A*24:422	100.000
IMGT-5WWJ_A_A	A*24:418	100.000
IMGT-5WWJ_A_A	A*24:352	100.000
IMGT-5WWJ_A_A	A*24:02	100.000
IMGT-5WWJ_A_A	A*24:474	100.000
IMGT-5WWJ_A_A	A*24:469	100.000
IMGT-5WWJ_A_A	A*24:443	100.000
IMGT-5WWJ_A_A	A*24:423	99.635
IMGT-5WWJ_A_A	A*24:419	100.000
IMGT-5WWJ_A_A	A*24:353	100.000
IMGT-5WWJ_A_A	A*24:500	100.000
IMGT-5WWJ_A_A	A*24:496	100.000
IMGT-5WWJ_A_A	A*24:414	99.635
IMGT-5WWJ_A_A	A*24:122	99.635
IMGT-5WWJ_A_A	A*24:120	99.635
IMGT-5WWJ_A_A	A*24:502	99.635
IMGT-5WWJ_A_A	A*24:498	99.635
IMGT-5WWJ_A_A	A*24:490	99.635
IMGT-5WWJ_A_A	A*24:476	99.635
IMGT-5WWJ_A_A	A*24:472	99.635
IMGT-5WWJ_A_A	A*24:371	99.635
IMGT-5WWJ_A_A	A*24:331	99.635
IMGT-5WWJ_A_A	A*24:280	99.635
IMGT-5WWJ_A_A	A*24:128	99.635
IMGT-5WWJ_A_A	A*24:116	99.635
IMGT-5WWJ_A_A	A*24:31	99.635
IMGT-5WWJ_A_A	A*24:505	99.635
IMGT-5WWJ_A_A	A*24:444	99.635
IMGT-5WWJ_A_A	A*24:412	99.635
IMGT-5WWJ_A_A	A*24:361	99.635
IMGT-5WWJ_A_A	A*24:248	99.635
IMGT-5WWJ_A_A	A*24:234	99.635
IMGT-5WWJ_A_A	A*24:97	99.635
IMGT-5WWJ_A_A	A*24:68	99.635
IMGT-5WWJ_A_A	A*24:53	99.635
IMGT-5WWJ_A_A	A*24:05	99.635
IMGT-5WWJ_A_A	A*24:497	99.635
IMGT-5WWU_A_A	A*24:437	100.000
IMGT-5WWU_A_A	A*24:402	100.000
IMGT-5WWU_A_A	A*24:465	100.000
IMGT-5WWU_A_A	A*24:454	100.000
IMGT-5WWU_A_A	A*24:511	100.000
IMGT-5WWU_A_A	A*24:507	100.000
IMGT-5WWU_A_A	A*24:470	100.000
IMGT-5WWU_A_A	A*24:466	100.000
IMGT-5WWU_A_A	A*24:464	100.000
IMGT-5WWU_A_A	A*24:463	100.000
IMGT-5WWU_A_A	A*24:460	100.000
IMGT-5WWU_A_A	A*24:451	100.000
IMGT-5WWU_A_A	A*24:436	100.000
IMGT-5WWU_A_A	A*24:422	100.000
IMGT-5WWU_A_A	A*24:418	100.000
IMGT-5WWU_A_A	A*24:352	100.000
IMGT-5WWU_A_A	A*24:02	100.000
IMGT-5WWU_A_A	A*24:474	100.000
IMGT-5WWU_A_A	A*24:469	100.000
IMGT-5WWU_A_A	A*24:443	100.000
IMGT-5WWU_A_A	A*24:423	99.635
IMGT-5WWU_A_A	A*24:419	100.000
IMGT-5WWU_A_A	A*24:353	100.000
IMGT-5WWU_A_A	A*24:500	100.000
IMGT-5WWU_A_A	A*24:496	100.000
IMGT-5WWU_A_A	A*24:414	99.635
IMGT-5WWU_A_A	A*24:122	99.635
IMGT-5WWU_A_A	A*24:120	99.635
IMGT-5WWU_A_A	A*24:502	99.635
IMGT-5WWU_A_A	A*24:498	99.635
IMGT-5WWU_A_A	A*24:490	99.635
IMGT-5WWU_A_A	A*24:476	99.635
IMGT-5WWU_A_A	A*24:472	99.635
IMGT-5WWU_A_A	A*24:371	99.635
IMGT-5WWU_A_A	A*24:331	99.635
IMGT-5WWU_A_A	A*24:280	99.635
IMGT-5WWU_A_A	A*24:128	99.635
IMGT-5WWU_A_A	A*24:116	99.635
IMGT-5WWU_A_A	A*24:31	99.635
IMGT-5WWU_A_A	A*24:505	99.635
IMGT-5WWU_A_A	A*24:444	99.635
IMGT-5WWU_A_A	A*24:412	99.635
IMGT-5WWU_A_A	A*24:361	99.635
IMGT-5WWU_A_A	A*24:248	99.635
IMGT-5WWU_A_A	A*24:234	99.635
IMGT-5WWU_A_A	A*24:97	99.635
IMGT-5WWU_A_A	A*24:68	99.635
IMGT-5WWU_A_A	A*24:53	99.635
IMGT-5WWU_A_A	A*24:05	99.635
IMGT-5WWU_A_A	A*24:497	99.635
IMGT-5XOS_A_A	B*35:506	99.638
IMGT-5XOS_A_A	B*35:383	99.638
IMGT-5XOS_A_A	B*35:516	99.638
IMGT-5XOS_A_A	B*35:515	99.638
IMGT-5XOS_A_A	B*35:514	99.638
IMGT-5XOS_A_A	B*35:454	99.638
IMGT-5XOS_A_A	B*35:447	99.638
IMGT-5XOS_A_A	B*35:417	99.638
IMGT-5XOS_A_A	B*35:376	99.638
IMGT-5XOS_A_A	B*35:370	99.638
IMGT-5XOS_A_A	B*35:365	99.638
IMGT-5XOS_A_A	B*35:347	99.638
IMGT-5XOS_A_A	B*35:42	99.638
IMGT-5XOS_A_A	B*35:01	99.638
IMGT-5XOS_A_A	B*35:421	99.638
IMGT-5XOS_A_A	B*35:406	99.638
IMGT-5XOS_A_A	B*35:336	99.275
IMGT-5XOS_A_A	B*35:57	99.275
IMGT-5XOS_A_A	B*35:503	99.275
IMGT-5XOS_A_A	B*35:484	99.275
IMGT-5XOS_A_A	B*35:412	99.275
IMGT-5XOS_A_A	B*35:380	99.638
IMGT-5XOS_A_A	B*35:473	99.275
IMGT-5XOS_A_A	B*35:429	99.638
IMGT-5XOS_A_A	B*35:409	99.275
IMGT-5XOS_A_A	B*35:392	99.275
IMGT-5XOS_A_A	B*35:351	99.275
IMGT-5XOS_A_A	B*35:288	99.275
IMGT-5XOS_A_A	B*35:23	99.275
IMGT-5XOS_A_A	B*35:502	99.275
IMGT-5XOS_A_A	B*35:491	99.275
IMGT-5XOS_A_A	B*35:490	99.275
IMGT-5XOS_A_A	B*35:464	99.275
IMGT-5XOS_A_A	B*35:458	99.275
IMGT-5XOS_A_A	B*35:449	99.275
IMGT-5XOS_A_A	B*35:408	99.275
IMGT-5XOS_A_A	B*35:402	99.275
IMGT-5XOS_A_A	B*35:332	99.275
IMGT-5XOS_A_A	B*35:313	99.275
IMGT-5XOS_A_A	B*35:263	99.275
IMGT-5XOS_A_A	B*35:27	99.275
IMGT-5XOS_A_A	B*35:500	99.275
IMGT-5XOS_A_A	B*35:495	99.275
IMGT-5XOS_A_A	B*35:479	99.275
IMGT-5XOS_A_A	B*35:465	99.275
IMGT-5XOS_A_A	B*35:400	99.275
IMGT-5XOS_A_A	B*35:286	99.275
IMGT-5XOS_A_A	B*35:271	99.275
IMGT-5XOS_A_A	B*35:259	99.275
IMGT-5XOS_A_A	B*35:123	99.275
IMGT-5XOT_A_A	B*35:506	99.638
IMGT-5XOT_A_A	B*35:383	99.638
IMGT-5XOT_A_A	B*35:516	99.638
IMGT-5XOT_A_A	B*35:515	99.638
IMGT-5XOT_A_A	B*35:514	99.638
IMGT-5XOT_A_A	B*35:454	99.638
IMGT-5XOT_A_A	B*35:447	99.638
IMGT-5XOT_A_A	B*35:417	99.638
IMGT-5XOT_A_A	B*35:376	99.638
IMGT-5XOT_A_A	B*35:370	99.638
IMGT-5XOT_A_A	B*35:365	99.638
IMGT-5XOT_A_A	B*35:347	99.638
IMGT-5XOT_A_A	B*35:42	99.638
IMGT-5XOT_A_A	B*35:01	99.638
IMGT-5XOT_A_A	B*35:421	99.638
IMGT-5XOT_A_A	B*35:406	99.638
IMGT-5XOT_A_A	B*35:336	99.275
IMGT-5XOT_A_A	B*35:57	99.275
IMGT-5XOT_A_A	B*35:503	99.275
IMGT-5XOT_A_A	B*35:484	99.275
IMGT-5XOT_A_A	B*35:412	99.275
IMGT-5XOT_A_A	B*35:380	99.638
IMGT-5XOT_A_A	B*35:473	99.275
IMGT-5XOT_A_A	B*35:429	99.638
IMGT-5XOT_A_A	B*35:409	99.275
IMGT-5XOT_A_A	B*35:392	99.275
IMGT-5XOT_A_A	B*35:351	99.275
IMGT-5XOT_A_A	B*35:288	99.275
IMGT-5XOT_A_A	B*35:23	99.275
IMGT-5XOT_A_A	B*35:502	99.275
IMGT-5XOT_A_A	B*35:491	99.275
IMGT-5XOT_A_A	B*35:490	99.275
IMGT-5XOT_A_A	B*35:464	99.275
IMGT-5XOT_A_A	B*35:458	99.275
IMGT-5XOT_A_A	B*35:449	99.275
IMGT-5XOT_A_A	B*35:408	99.275
IMGT-5XOT_A_A	B*35:402	99.275
IMGT-5XOT_A_A	B*35:332	99.275
IMGT-5XOT_A_A	B*35:313	99.275
IMGT-5XOT_A_A	B*35:263	99.275
IMGT-5XOT_A_A	B*35:27	99.275
IMGT-5XOT_A_A	B*35:500	99.275
IMGT-5XOT_A_A	B*35:495	99.275
IMGT-5XOT_A_A	B*35:479	99.275
IMGT-5XOT_A_A	B*35:465	99.275
IMGT-5XOT_A_A	B*35:400	99.275
IMGT-5XOT_A_A	B*35:286	99.275
IMGT-5XOT_A_A	B*35:271	99.275
IMGT-5XOT_A_A	B*35:259	99.275
IMGT-5XOT_A_A	B*35:123	99.275
IMGT-5XOV_A_A	A*24:437	100.000
IMGT-5XOV_A_A	A*24:402	100.000
IMGT-5XOV_A_A	A*24:465	100.000
IMGT-5XOV_A_A	A*24:454	100.000
IMGT-5XOV_A_A	A*24:511	100.000
IMGT-5XOV_A_A	A*24:507	100.000
IMGT-5XOV_A_A	A*24:470	100.000
IMGT-5XOV_A_A	A*24:466	100.000
IMGT-5XOV_A_A	A*24:464	100.000
IMGT-5XOV_A_A	A*24:463	100.000
IMGT-5XOV_A_A	A*24:460	100.000
IMGT-5XOV_A_A	A*24:451	100.000
IMGT-5XOV_A_A	A*24:436	100.000
IMGT-5XOV_A_A	A*24:422	100.000
IMGT-5XOV_A_A	A*24:418	100.000
IMGT-5XOV_A_A	A*24:352	100.000
IMGT-5XOV_A_A	A*24:02	100.000
IMGT-5XOV_A_A	A*24:474	100.000
IMGT-5XOV_A_A	A*24:469	100.000
IMGT-5XOV_A_A	A*24:443	100.000
IMGT-5XOV_A_A	A*24:423	99.635
IMGT-5XOV_A_A	A*24:419	100.000
IMGT-5XOV_A_A	A*24:353	100.000
IMGT-5XOV_A_A	A*24:500	100.000
IMGT-5XOV_A_A	A*24:496	100.000
IMGT-5XOV_A_A	A*24:414	99.635
IMGT-5XOV_A_A	A*24:122	99.635
IMGT-5XOV_A_A	A*24:120	99.635
IMGT-5XOV_A_A	A*24:502	99.635
IMGT-5XOV_A_A	A*24:498	99.635
IMGT-5XOV_A_A	A*24:490	99.635
IMGT-5XOV_A_A	A*24:476	99.635
IMGT-5XOV_A_A	A*24:472	99.635
IMGT-5XOV_A_A	A*24:371	99.635
IMGT-5XOV_A_A	A*24:331	99.635
IMGT-5XOV_A_A	A*24:280	99.635
IMGT-5XOV_A_A	A*24:128	99.635
IMGT-5XOV_A_A	A*24:116	99.635
IMGT-5XOV_A_A	A*24:31	99.635
IMGT-5XOV_A_A	A*24:505	99.635
IMGT-5XOV_A_A	A*24:444	99.635
IMGT-5XOV_A_A	A*24:412	99.635
IMGT-5XOV_A_A	A*24:361	99.635
IMGT-5XOV_A_A	A*24:248	99.635
IMGT-5XOV_A_A	A*24:234	99.635
IMGT-5XOV_A_A	A*24:97	99.635
IMGT-5XOV_A_A	A*24:68	99.635
IMGT-5XOV_A_A	A*24:53	99.635
IMGT-5XOV_A_A	A*24:05	99.635
IMGT-5XOV_A_A	A*24:497	99.635
IMGT-6APN_A_A	A*02:909	98.905
IMGT-6APN_A_A	A*02:665	98.905
IMGT-6APN_A_A	A*02:930	98.905
IMGT-6APN_A_A	A*02:916	98.905
IMGT-6APN_A_A	A*02:869	98.905
IMGT-6APN_A_A	A*02:857	98.905
IMGT-6APN_A_A	A*02:853	98.905
IMGT-6APN_A_A	A*02:812	98.905
IMGT-6APN_A_A	A*02:779	98.905
IMGT-6APN_A_A	A*02:742	98.905
IMGT-6APN_A_A	A*02:722	98.905
IMGT-6APN_A_A	A*02:686	98.905
IMGT-6APN_A_A	A*02:942	98.905
IMGT-6APN_A_A	A*02:928	98.905
IMGT-6APN_A_A	A*02:919	98.905
IMGT-6APN_A_A	A*02:884	98.905
IMGT-6APN_A_A	A*02:874	98.905
IMGT-6APN_A_A	A*02:870	98.905
IMGT-6APN_A_A	A*02:866	98.905
IMGT-6APN_A_A	A*02:865	98.905
IMGT-6APN_A_A	A*02:864	98.905
IMGT-6APN_A_A	A*02:852	98.905
IMGT-6APN_A_A	A*02:846	98.905
IMGT-6APN_A_A	A*02:830	98.905
IMGT-6APN_A_A	A*02:819	98.905
IMGT-6APN_A_A	A*02:810	98.905
IMGT-6APN_A_A	A*02:776	98.905
IMGT-6APN_A_A	A*02:765	98.905
IMGT-6APN_A_A	A*02:763	98.905
IMGT-6APN_A_A	A*02:762	98.905
IMGT-6APN_A_A	A*02:761	98.905
IMGT-6APN_A_A	A*02:753	98.905
IMGT-6APN_A_A	A*02:744	98.905
IMGT-6APN_A_A	A*02:740	98.905
IMGT-6APN_A_A	A*02:724	98.905
IMGT-6APN_A_A	A*02:719	98.905
IMGT-6APN_A_A	A*02:716	98.905
IMGT-6APN_A_A	A*02:704	98.905
IMGT-6APN_A_A	A*02:689	98.905
IMGT-6APN_A_A	A*02:642	98.905
IMGT-6APN_A_A	A*02:01	98.905
IMGT-6APN_A_A	A*02:917	98.905
IMGT-6APN_A_A	A*02:844	98.905
IMGT-6APN_A_A	A*02:658	98.540
IMGT-6APN_A_A	A*02:252	98.540
IMGT-6APN_A_A	A*02:908	98.540
IMGT-6APN_A_A	A*02:786	98.905
IMGT-6APN_A_A	A*02:538	98.540
IMGT-6APN_A_A	A*02:68	98.540
IMGT-6APN_A_A	A*02:931	98.540
IMGT-6ID4_A_A	A*11:353	100.000
IMGT-6ID4_A_A	A*11:280	100.000
IMGT-6ID4_A_A	A*11:328	100.000
IMGT-6ID4_A_A	A*11:324	100.000
IMGT-6ID4_A_A	A*11:320	100.000
IMGT-6ID4_A_A	A*11:316	100.000
IMGT-6ID4_A_A	A*11:306	100.000
IMGT-6ID4_A_A	A*11:303	100.000
IMGT-6ID4_A_A	A*11:295	100.000
IMGT-6ID4_A_A	A*11:278	100.000
IMGT-6ID4_A_A	A*11:270	100.000
IMGT-6ID4_A_A	A*11:263	100.000
IMGT-6ID4_A_A	A*11:01	100.000
IMGT-6ID4_A_A	A*11:321	99.635
IMGT-6ID4_A_A	A*11:349	99.635
IMGT-6ID4_A_A	A*11:282	99.635
IMGT-6ID4_A_A	A*11:380	99.635
IMGT-6ID4_A_A	A*11:377	99.635
IMGT-6ID4_A_A	A*11:368	99.635
IMGT-6ID4_A_A	A*11:366	99.635
IMGT-6ID4_A_A	A*11:363	99.635
IMGT-6ID4_A_A	A*11:362	99.635
IMGT-6ID4_A_A	A*11:357	99.635
IMGT-6ID4_A_A	A*11:352	99.635
IMGT-6ID4_A_A	A*11:343	99.635
IMGT-6ID4_A_A	A*11:334	99.635
IMGT-6ID4_A_A	A*11:322	99.635
IMGT-6ID4_A_A	A*11:315	99.635
IMGT-6ID4_A_A	A*11:314	99.635
IMGT-6ID4_A_A	A*11:311	99.635
IMGT-6ID4_A_A	A*11:307	99.635
IMGT-6ID4_A_A	A*11:305	99.635
IMGT-6ID4_A_A	A*11:289	99.635
IMGT-6ID4_A_A	A*11:285	99.635
IMGT-6ID4_A_A	A*11:283	99.635
IMGT-6ID4_A_A	A*11:279	99.635
IMGT-6ID4_A_A	A*11:252	99.635
IMGT-6ID4_A_A	A*11:160	99.635
IMGT-6ID4_A_A	A*11:75	99.635
IMGT-6ID4_A_A	A*11:09	99.635
IMGT-6ID4_A_A	A*11:379	99.635
IMGT-6ID4_A_A	A*11:361	99.635
IMGT-6ID4_A_A	A*11:360	99.635
IMGT-6ID4_A_A	A*11:356	99.635
IMGT-6ID4_A_A	A*11:345	99.635
IMGT-6ID4_A_A	A*11:336	99.635
IMGT-6ID4_A_A	A*11:335	99.635
IMGT-6ID4_A_A	A*11:329	99.635
IMGT-6ID4_A_A	A*11:319	99.635
IMGT-6ID4_A_A	A*11:317	99.635
IMGT-6JOZ_A_A	A*11:353	100.000
IMGT-6JOZ_A_A	A*11:280	100.000
IMGT-6JOZ_A_A	A*11:328	100.000
IMGT-6JOZ_A_A	A*11:324	100.000
IMGT-6JOZ_A_A	A*11:320	100.000
IMGT-6JOZ_A_A	A*11:316	100.000
IMGT-6JOZ_A_A	A*11:306	100.000
IMGT-6JOZ_A_A	A*11:303	100.000
IMGT-6JOZ_A_A	A*11:295	100.000
IMGT-6JOZ_A_A	A*11:278	100.000
IMGT-6JOZ_A_A	A*11:270	100.000
IMGT-6JOZ_A_A	A*11:263	100.000
IMGT-6JOZ_A_A	A*11:01	100.000
IMGT-6JOZ_A_A	A*11:321	99.635
IMGT-6JOZ_A_A	A*11:349	99.635
IMGT-6JOZ_A_A	A*11:282	99.635
IMGT-6JOZ_A_A	A*11:380	99.635
IMGT-6JOZ_A_A	A*11:377	99.635
IMGT-6JOZ_A_A	A*11:368	99.635
IMGT-6JOZ_A_A	A*11:366	99.635
IMGT-6JOZ_A_A	A*11:363	99.635
IMGT-6JOZ_A_A	A*11:362	99.635
IMGT-6JOZ_A_A	A*11:357	99.635
IMGT-6JOZ_A_A	A*11:352	99.635
IMGT-6JOZ_A_A	A*11:343	99.635
IMGT-6JOZ_A_A	A*11:334	99.635
IMGT-6JOZ_A_A	A*11:322	99.635
IMGT-6JOZ_A_A	A*11:315	99.635
IMGT-6JOZ_A_A	A*11:314	99.635
IMGT-6JOZ_A_A	A*11:311	99.635
IMGT-6JOZ_A_A	A*11:307	99.635
IMGT-6JOZ_A_A	A*11:305	99.635
IMGT-6JOZ_A_A	A*11:289	99.635
IMGT-6JOZ_A_A	A*11:285	99.635
IMGT-6JOZ_A_A	A*11:283	99.635
IMGT-6JOZ_A_A	A*11:279	99.635
IMGT-6JOZ_A_A	A*11:252	99.635
IMGT-6JOZ_A_A	A*11:160	99.635
IMGT-6JOZ_A_A	A*11:75	99.635
IMGT-6JOZ_A_A	A*11:09	99.635
IMGT-6JOZ_A_A	A*11:379	99.635
IMGT-6JOZ_A_A	A*11:361	99.635
IMGT-6JOZ_A_A	A*11:360	99.635
IMGT-6JOZ_A_A	A*11:356	99.635
IMGT-6JOZ_A_A	A*11:345	99.635
IMGT-6JOZ_A_A	A*11:336	99.635
IMGT-6JOZ_A_A	A*11:335	99.635
IMGT-6JOZ_A_A	A*11:329	99.635
IMGT-6JOZ_A_A	A*11:319	99.635
IMGT-6JOZ_A_A	A*11:317	99.635
IMGT-6JP3_A_A	A*11:353	100.000
IMGT-6JP3_A_A	A*11:280	100.000
IMGT-6JP3_A_A	A*11:328	100.000
IMGT-6JP3_A_A	A*11:324	100.000
IMGT-6JP3_A_A	A*11:320	100.000
IMGT-6JP3_A_A	A*11:316	100.000
IMGT-6JP3_A_A	A*11:306	100.000
IMGT-6JP3_A_A	A*11:303	100.000
IMGT-6JP3_A_A	A*11:295	100.000
IMGT-6JP3_A_A	A*11:278	100.000
IMGT-6JP3_A_A	A*11:270	100.000
IMGT-6JP3_A_A	A*11:263	100.000
IMGT-6JP3_A_A	A*11:01	100.000
IMGT-6JP3_A_A	A*11:321	99.635
IMGT-6JP3_A_A	A*11:349	99.635
IMGT-6JP3_A_A	A*11:282	99.635
IMGT-6JP3_A_A	A*11:380	99.635
IMGT-6JP3_A_A	A*11:377	99.635
IMGT-6JP3_A_A	A*11:368	99.635
IMGT-6JP3_A_A	A*11:366	99.635
IMGT-6JP3_A_A	A*11:363	99.635
IMGT-6JP3_A_A	A*11:362	99.635
IMGT-6JP3_A_A	A*11:357	99.635
IMGT-6JP3_A_A	A*11:352	99.635
IMGT-6JP3_A_A	A*11:343	99.635
IMGT-6JP3_A_A	A*11:334	99.635
IMGT-6JP3_A_A	A*11:322	99.635
IMGT-6JP3_A_A	A*11:315	99.635
IMGT-6JP3_A_A	A*11:314	99.635
IMGT-6JP3_A_A	A*11:311	99.635
IMGT-6JP3_A_A	A*11:307	99.635
IMGT-6JP3_A_A	A*11:305	99.635
IMGT-6JP3_A_A	A*11:289	99.635
IMGT-6JP3_A_A	A*11:285	99.635
IMGT-6JP3_A_A	A*11:283	99.635
IMGT-6JP3_A_A	A*11:279	99.635
IMGT-6JP3_A_A	A*11:252	99.635
IMGT-6JP3_A_A	A*11:160	99.635
IMGT-6JP3_A_A	A*11:75	99.635
IMGT-6JP3_A_A	A*11:09	99.635
IMGT-6JP3_A_A	A*11:379	99.635
IMGT-6JP3_A_A	A*11:361	99.635
IMGT-6JP3_A_A	A*11:360	99.635
IMGT-6JP3_A_A	A*11:356	99.635
IMGT-6JP3_A_A	A*11:345	99.635
IMGT-6JP3_A_A	A*11:336	99.635
IMGT-6JP3_A_A	A*11:335	99.635
IMGT-6JP3_A_A	A*11:329	99.635
IMGT-6JP3_A_A	A*11:319	99.635
IMGT-6JP3_A_A	A*11:317	99.635
IMGT-6JTN_A_A	C*08:231	100.000
IMGT-6JTN_A_A	C*08:230	100.000
IMGT-6JTN_A_A	C*08:229	100.000
IMGT-6JTN_A_A	C*08:202	100.000
IMGT-6JTN_A_A	C*08:195	100.000
IMGT-6JTN_A_A	C*08:179	100.000
IMGT-6JTN_A_A	C*08:02	100.000
IMGT-6JTN_A_A	C*08:200	100.000
IMGT-6JTN_A_A	C*08:233	99.634
IMGT-6JTN_A_A	C*08:223	99.634
IMGT-6JTN_A_A	C*08:166	99.634
IMGT-6JTN_A_A	C*08:103	99.634
IMGT-6JTN_A_A	C*08:62	99.634
IMGT-6JTN_A_A	C*08:76	99.634
IMGT-6JTN_A_A	C*08:23	99.634
IMGT-6JTN_A_A	C*08:215	99.634
IMGT-6JTN_A_A	C*08:198	99.634
IMGT-6JTN_A_A	C*08:169	99.634
IMGT-6JTN_A_A	C*08:140	99.634
IMGT-6JTN_A_A	C*08:94	99.634
IMGT-6JTN_A_A	C*08:68	99.634
IMGT-6JTN_A_A	C*08:33	99.634
IMGT-6JTN_A_A	C*08:05	99.634
IMGT-6JTN_A_A	C*08:227	99.634
IMGT-6JTN_A_A	C*08:207	99.634
IMGT-6JTN_A_A	C*08:184	99.634
IMGT-6JTN_A_A	C*08:171	99.634
IMGT-6JTN_A_A	C*08:167	99.634
IMGT-6JTN_A_A	C*08:159	99.634
IMGT-6JTN_A_A	C*08:90	99.634
IMGT-6JTN_A_A	C*08:218	99.634
IMGT-6JTN_A_A	C*08:191	99.634
IMGT-6JTN_A_A	C*08:112	99.634
IMGT-6JTN_A_A	C*08:53	99.634
IMGT-6JTN_A_A	C*08:15	99.634
IMGT-6JTN_A_A	C*08:04	99.634
IMGT-6JTN_A_A	C*08:226	99.634
IMGT-6JTN_A_A	C*08:211	99.634
IMGT-6JTN_A_A	C*08:142	99.634
IMGT-6JTN_A_A	C*08:34	99.634
IMGT-6JTN_A_A	C*08:30	99.634
IMGT-6JTN_A_A	C*08:28	99.634
IMGT-6JTN_A_A	C*08:222	99.634
IMGT-6JTN_A_A	C*08:206	99.634
IMGT-6JTN_A_A	C*08:170	99.634
IMGT-6JTN_A_A	C*08:92	99.634
IMGT-6JTN_A_A	C*08:73	99.634
IMGT-6JTN_A_A	C*08:63	99.634
IMGT-6JTN_A_A	C*08:25	99.267
IMGT-6JTN_A_A	C*05:248	99.267
IMGT-6JTP_A_A	C*08:231	100.000
IMGT-6JTP_A_A	C*08:230	100.000
IMGT-6JTP_A_A	C*08:229	100.000
IMGT-6JTP_A_A	C*08:202	100.000
IMGT-6JTP_A_A	C*08:195	100.000
IMGT-6JTP_A_A	C*08:179	100.000
IMGT-6JTP_A_A	C*08:02	100.000
IMGT-6JTP_A_A	C*08:200	100.000
IMGT-6JTP_A_A	C*08:233	99.634
IMGT-6JTP_A_A	C*08:223	99.634
IMGT-6JTP_A_A	C*08:166	99.634
IMGT-6JTP_A_A	C*08:103	99.634
IMGT-6JTP_A_A	C*08:62	99.634
IMGT-6JTP_A_A	C*08:76	99.634
IMGT-6JTP_A_A	C*08:23	99.634
IMGT-6JTP_A_A	C*08:215	99.634
IMGT-6JTP_A_A	C*08:198	99.634
IMGT-6JTP_A_A	C*08:169	99.634
IMGT-6JTP_A_A	C*08:140	99.634
IMGT-6JTP_A_A	C*08:94	99.634
IMGT-6JTP_A_A	C*08:68	99.634
IMGT-6JTP_A_A	C*08:33	99.634
IMGT-6JTP_A_A	C*08:05	99.634
IMGT-6JTP_A_A	C*08:227	99.634
IMGT-6JTP_A_A	C*08:207	99.634
IMGT-6JTP_A_A	C*08:184	99.634
IMGT-6JTP_A_A	C*08:171	99.634
IMGT-6JTP_A_A	C*08:167	99.634
IMGT-6JTP_A_A	C*08:159	99.634
IMGT-6JTP_A_A	C*08:90	99.634
IMGT-6JTP_A_A	C*08:218	99.634
IMGT-6JTP_A_A	C*08:191	99.634
IMGT-6JTP_A_A	C*08:112	99.634
IMGT-6JTP_A_A	C*08:53	99.634
IMGT-6JTP_A_A	C*08:15	99.634
IMGT-6JTP_A_A	C*08:04	99.634
IMGT-6JTP_A_A	C*08:226	99.634
IMGT-6JTP_A_A	C*08:211	99.634
IMGT-6JTP_A_A	C*08:142	99.634
IMGT-6JTP_A_A	C*08:34	99.634
IMGT-6JTP_A_A	C*08:30	99.634
IMGT-6JTP_A_A	C*08:28	99.634
IMGT-6JTP_A_A	C*08:222	99.634
IMGT-6JTP_A_A	C*08:206	99.634
IMGT-6JTP_A_A	C*08:170	99.634
IMGT-6JTP_A_A	C*08:92	99.634
IMGT-6JTP_A_A	C*08:73	99.634
IMGT-6JTP_A_A	C*08:63	99.634
IMGT-6JTP_A_A	C*08:25	99.267
IMGT-6JTP_A_A	C*05:248	99.267
IMGT-6MPP_A_A	A*01:277	100.000
IMGT-6MPP_A_A	A*01:276	100.000
IMGT-6MPP_A_A	A*01:252	100.000
IMGT-6MPP_A_A	A*01:347	100.000
IMGT-6MPP_A_A	A*01:332	100.000
IMGT-6MPP_A_A	A*01:325	100.000
IMGT-6MPP_A_A	A*01:324	100.000
IMGT-6MPP_A_A	A*01:323	100.000
IMGT-6MPP_A_A	A*01:317	100.000
IMGT-6MPP_A_A	A*01:309	100.000
IMGT-6MPP_A_A	A*01:296	100.000
IMGT-6MPP_A_A	A*01:295	100.000
IMGT-6MPP_A_A	A*01:291	100.000
IMGT-6MPP_A_A	A*01:280	100.000
IMGT-6MPP_A_A	A*01:274	100.000
IMGT-6MPP_A_A	A*01:237	100.000
IMGT-6MPP_A_A	A*01:234	100.000
IMGT-6MPP_A_A	A*01:01	100.000
IMGT-6MPP_A_A	A*01:349	100.000
IMGT-6MPP_A_A	A*01:346	100.000
IMGT-6MPP_A_A	A*01:300	100.000
IMGT-6MPP_A_A	A*01:251	100.000
IMGT-6MPP_A_A	A*01:222	99.635
IMGT-6MPP_A_A	A*01:351	99.635
IMGT-6MPP_A_A	A*01:333	99.635
IMGT-6MPP_A_A	A*01:321	99.635
IMGT-6MPP_A_A	A*01:310	99.635
IMGT-6MPP_A_A	A*01:294	99.635
IMGT-6MPP_A_A	A*01:282	99.635
IMGT-6MPP_A_A	A*01:279	99.635
IMGT-6MPP_A_A	A*01:273	99.635
IMGT-6MPP_A_A	A*01:266	99.635
IMGT-6MPP_A_A	A*01:243	99.635
IMGT-6MPP_A_A	A*01:214	99.635
IMGT-6MPP_A_A	A*01:198	99.635
IMGT-6MPP_A_A	A*01:82	99.635
IMGT-6MPP_A_A	A*01:43	99.635
IMGT-6MPP_A_A	A*01:340	99.635
IMGT-6MPP_A_A	A*01:334	99.635
IMGT-6MPP_A_A	A*01:330	99.635
IMGT-6MPP_A_A	A*01:315	99.635
IMGT-6MPP_A_A	A*01:305	99.635
IMGT-6MPP_A_A	A*01:292	99.635
IMGT-6MPP_A_A	A*01:286	99.635
IMGT-6MPP_A_A	A*01:262	99.635
IMGT-6MPP_A_A	A*01:261	99.635
IMGT-6MPP_A_A	A*01:259	99.635
IMGT-6MPP_A_A	A*01:241	99.635
IMGT-6MPP_A_A	A*01:219	99.635
IMGT-6MPP_A_A	A*01:69	99.635
IMGT-6P23_A_A	B*08:269	99.636
IMGT-6P23_A_A	B*08:259	99.636
IMGT-6P23_A_A	B*08:247	99.636
IMGT-6P23_A_A	B*08:238	99.636
IMGT-6P23_A_A	B*08:225	99.636
IMGT-6P23_A_A	B*08:222	99.636
IMGT-6P23_A_A	B*08:267	99.636
IMGT-6P23_A_A	B*08:248	99.636
IMGT-6P23_A_A	B*08:244	99.636
IMGT-6P23_A_A	B*08:241	99.636
IMGT-6P23_A_A	B*08:233	99.636
IMGT-6P23_A_A	B*08:207	99.636
IMGT-6P23_A_A	B*08:183	99.636
IMGT-6P23_A_A	B*08:182	99.636
IMGT-6P23_A_A	B*08:173	99.636
IMGT-6P23_A_A	B*08:01	99.636
IMGT-6P23_A_A	B*08:56	99.273
IMGT-6P23_A_A	B*08:229	99.273
IMGT-6P23_A_A	B*08:213	99.273
IMGT-6P23_A_A	B*08:209	99.273
IMGT-6P23_A_A	B*08:190	99.273
IMGT-6P23_A_A	B*08:265	99.273
IMGT-6P23_A_A	B*08:262	99.273
IMGT-6P23_A_A	B*08:257	99.273
IMGT-6P23_A_A	B*08:250	99.273
IMGT-6P23_A_A	B*08:249	99.273
IMGT-6P23_A_A	B*08:237	99.273
IMGT-6P23_A_A	B*08:235	99.273
IMGT-6P23_A_A	B*08:231	99.273
IMGT-6P23_A_A	B*08:224	99.273
IMGT-6P23_A_A	B*08:204	99.273
IMGT-6P23_A_A	B*08:194	99.273
IMGT-6P23_A_A	B*08:192	99.273
IMGT-6P23_A_A	B*08:184	99.273
IMGT-6P23_A_A	B*08:167	99.273
IMGT-6P23_A_A	B*08:145	99.273
IMGT-6P23_A_A	B*08:33	99.273
IMGT-6P23_A_A	B*08:260	99.273
IMGT-6P23_A_A	B*08:258	99.273
IMGT-6P23_A_A	B*08:240	99.273
IMGT-6P23_A_A	B*08:234	99.273
IMGT-6P23_A_A	B*08:230	99.273
IMGT-6P23_A_A	B*08:223	99.273
IMGT-6P23_A_A	B*08:212	99.273
IMGT-6P23_A_A	B*08:203	99.273
IMGT-6P23_A_A	B*08:196	99.273
IMGT-6P23_A_A	B*08:169	99.273
IMGT-6P23_A_A	B*08:161	99.273
IMGT-6P23_A_A	B*08:146	99.273
IMGT-6P23_A_A	B*08:108	99.273
IMGT-6P27_A_A	B*08:238	99.638
IMGT-6P27_A_A	B*08:225	99.638
IMGT-6P27_A_A	B*08:269	99.638
IMGT-6P27_A_A	B*08:247	99.638
IMGT-6P27_A_A	B*08:244	99.638
IMGT-6P27_A_A	B*08:267	99.638
IMGT-6P27_A_A	B*08:259	99.638
IMGT-6P27_A_A	B*08:248	99.638
IMGT-6P27_A_A	B*08:241	99.638
IMGT-6P27_A_A	B*08:233	99.638
IMGT-6P27_A_A	B*08:222	99.638
IMGT-6P27_A_A	B*08:207	99.638
IMGT-6P27_A_A	B*08:183	99.638
IMGT-6P27_A_A	B*08:182	99.638
IMGT-6P27_A_A	B*08:173	99.638
IMGT-6P27_A_A	B*08:01	99.638
IMGT-6P27_A_A	B*08:229	99.275
IMGT-6P27_A_A	B*08:213	99.275
IMGT-6P27_A_A	B*08:190	99.275
IMGT-6P27_A_A	B*08:56	99.275
IMGT-6P27_A_A	B*08:249	99.275
IMGT-6P27_A_A	B*08:237	99.275
IMGT-6P27_A_A	B*08:224	99.275
IMGT-6P27_A_A	B*08:209	99.275
IMGT-6P27_A_A	B*08:204	99.275
IMGT-6P27_A_A	B*08:194	99.275
IMGT-6P27_A_A	B*08:184	99.275
IMGT-6P27_A_A	B*08:167	99.275
IMGT-6P27_A_A	B*08:161	99.275
IMGT-6P27_A_A	B*08:265	99.275
IMGT-6P27_A_A	B*08:262	99.275
IMGT-6P27_A_A	B*08:260	99.275
IMGT-6P27_A_A	B*08:258	99.275
IMGT-6P27_A_A	B*08:257	99.275
IMGT-6P27_A_A	B*08:250	99.275
IMGT-6P27_A_A	B*08:240	99.275
IMGT-6P27_A_A	B*08:235	99.275
IMGT-6P27_A_A	B*08:231	99.275
IMGT-6P27_A_A	B*08:223	99.275
IMGT-6P27_A_A	B*08:212	99.275
IMGT-6P27_A_A	B*08:203	99.275
IMGT-6P27_A_A	B*08:196	99.275
IMGT-6P27_A_A	B*08:192	99.275
IMGT-6P27_A_A	B*08:169	99.275
IMGT-6P27_A_A	B*08:146	99.275
IMGT-6P27_A_A	B*08:145	99.275
IMGT-6P27_A_A	B*08:108	99.275
IMGT-6P27_A_A	B*08:33	99.275
IMGT-6P27_A_A	B*08:243	99.275
IMGT-6P27_A_A	B*08:234	99.275
IMGT-6P2C_A_A	B*08:269	99.636
IMGT-6P2C_A_A	B*08:259	99.636
IMGT-6P2C_A_A	B*08:247	99.636
IMGT-6P2C_A_A	B*08:238	99.636
IMGT-6P2C_A_A	B*08:225	99.636
IMGT-6P2C_A_A	B*08:222	99.636
IMGT-6P2C_A_A	B*08:267	99.636
IMGT-6P2C_A_A	B*08:248	99.636
IMGT-6P2C_A_A	B*08:244	99.636
IMGT-6P2C_A_A	B*08:241	99.636
IMGT-6P2C_A_A	B*08:233	99.636
IMGT-6P2C_A_A	B*08:207	99.636
IMGT-6P2C_A_A	B*08:183	99.636
IMGT-6P2C_A_A	B*08:182	99.636
IMGT-6P2C_A_A	B*08:173	99.636
IMGT-6P2C_A_A	B*08:01	99.636
IMGT-6P2C_A_A	B*08:56	99.273
IMGT-6P2C_A_A	B*08:229	99.273
IMGT-6P2C_A_A	B*08:213	99.273
IMGT-6P2C_A_A	B*08:209	99.273
IMGT-6P2C_A_A	B*08:190	99.273
IMGT-6P2C_A_A	B*08:265	99.273
IMGT-6P2C_A_A	B*08:262	99.273
IMGT-6P2C_A_A	B*08:257	99.273
IMGT-6P2C_A_A	B*08:250	99.273
IMGT-6P2C_A_A	B*08:249	99.273
IMGT-6P2C_A_A	B*08:237	99.273
IMGT-6P2C_A_A	B*08:235	99.273
IMGT-6P2C_A_A	B*08:231	99.273
IMGT-6P2C_A_A	B*08:224	99.273
IMGT-6P2C_A_A	B*08:204	99.273
IMGT-6P2C_A_A	B*08:194	99.273
IMGT-6P2C_A_A	B*08:192	99.273
IMGT-6P2C_A_A	B*08:184	99.273
IMGT-6P2C_A_A	B*08:167	99.273
IMGT-6P2C_A_A	B*08:145	99.273
IMGT-6P2C_A_A	B*08:33	99.273
IMGT-6P2C_A_A	B*08:260	99.273
IMGT-6P2C_A_A	B*08:258	99.273
IMGT-6P2C_A_A	B*08:240	99.273
IMGT-6P2C_A_A	B*08:234	99.273
IMGT-6P2C_A_A	B*08:230	99.273
IMGT-6P2C_A_A	B*08:223	99.273
IMGT-6P2C_A_A	B*08:212	99.273
IMGT-6P2C_A_A	B*08:203	99.273
IMGT-6P2C_A_A	B*08:196	99.273
IMGT-6P2C_A_A	B*08:169	99.273
IMGT-6P2C_A_A	B*08:161	99.273
IMGT-6P2C_A_A	B*08:146	99.273
IMGT-6P2C_A_A	B*08:108	99.273
IMGT-6P2F_A_A	B*08:269	99.636
IMGT-6P2F_A_A	B*08:259	99.636
IMGT-6P2F_A_A	B*08:247	99.636
IMGT-6P2F_A_A	B*08:238	99.636
IMGT-6P2F_A_A	B*08:225	99.636
IMGT-6P2F_A_A	B*08:222	99.636
IMGT-6P2F_A_A	B*08:267	99.636
IMGT-6P2F_A_A	B*08:248	99.636
IMGT-6P2F_A_A	B*08:244	99.636
IMGT-6P2F_A_A	B*08:241	99.636
IMGT-6P2F_A_A	B*08:233	99.636
IMGT-6P2F_A_A	B*08:207	99.636
IMGT-6P2F_A_A	B*08:183	99.636
IMGT-6P2F_A_A	B*08:182	99.636
IMGT-6P2F_A_A	B*08:173	99.636
IMGT-6P2F_A_A	B*08:01	99.636
IMGT-6P2F_A_A	B*08:56	99.273
IMGT-6P2F_A_A	B*08:229	99.273
IMGT-6P2F_A_A	B*08:213	99.273
IMGT-6P2F_A_A	B*08:209	99.273
IMGT-6P2F_A_A	B*08:190	99.273
IMGT-6P2F_A_A	B*08:265	99.273
IMGT-6P2F_A_A	B*08:262	99.273
IMGT-6P2F_A_A	B*08:257	99.273
IMGT-6P2F_A_A	B*08:250	99.273
IMGT-6P2F_A_A	B*08:249	99.273
IMGT-6P2F_A_A	B*08:237	99.273
IMGT-6P2F_A_A	B*08:235	99.273
IMGT-6P2F_A_A	B*08:231	99.273
IMGT-6P2F_A_A	B*08:224	99.273
IMGT-6P2F_A_A	B*08:204	99.273
IMGT-6P2F_A_A	B*08:194	99.273
IMGT-6P2F_A_A	B*08:192	99.273
IMGT-6P2F_A_A	B*08:184	99.273
IMGT-6P2F_A_A	B*08:167	99.273
IMGT-6P2F_A_A	B*08:145	99.273
IMGT-6P2F_A_A	B*08:33	99.273
IMGT-6P2F_A_A	B*08:260	99.273
IMGT-6P2F_A_A	B*08:258	99.273
IMGT-6P2F_A_A	B*08:240	99.273
IMGT-6P2F_A_A	B*08:234	99.273
IMGT-6P2F_A_A	B*08:230	99.273
IMGT-6P2F_A_A	B*08:223	99.273
IMGT-6P2F_A_A	B*08:212	99.273
IMGT-6P2F_A_A	B*08:203	99.273
IMGT-6P2F_A_A	B*08:196	99.273
IMGT-6P2F_A_A	B*08:169	99.273
IMGT-6P2F_A_A	B*08:161	99.273
IMGT-6P2F_A_A	B*08:146	99.273
IMGT-6P2F_A_A	B*08:108	99.273
IMGT-6P2S_A_A	B*08:269	99.636
IMGT-6P2S_A_A	B*08:259	99.636
IMGT-6P2S_A_A	B*08:247	99.636
IMGT-6P2S_A_A	B*08:238	99.636
IMGT-6P2S_A_A	B*08:225	99.636
IMGT-6P2S_A_A	B*08:222	99.636
IMGT-6P2S_A_A	B*08:267	99.636
IMGT-6P2S_A_A	B*08:248	99.636
IMGT-6P2S_A_A	B*08:244	99.636
IMGT-6P2S_A_A	B*08:241	99.636
IMGT-6P2S_A_A	B*08:233	99.636
IMGT-6P2S_A_A	B*08:207	99.636
IMGT-6P2S_A_A	B*08:183	99.636
IMGT-6P2S_A_A	B*08:182	99.636
IMGT-6P2S_A_A	B*08:173	99.636
IMGT-6P2S_A_A	B*08:01	99.636
IMGT-6P2S_A_A	B*08:56	99.273
IMGT-6P2S_A_A	B*08:229	99.273
IMGT-6P2S_A_A	B*08:213	99.273
IMGT-6P2S_A_A	B*08:209	99.273
IMGT-6P2S_A_A	B*08:190	99.273
IMGT-6P2S_A_A	B*08:265	99.273
IMGT-6P2S_A_A	B*08:262	99.273
IMGT-6P2S_A_A	B*08:257	99.273
IMGT-6P2S_A_A	B*08:250	99.273
IMGT-6P2S_A_A	B*08:249	99.273
IMGT-6P2S_A_A	B*08:237	99.273
IMGT-6P2S_A_A	B*08:235	99.273
IMGT-6P2S_A_A	B*08:231	99.273
IMGT-6P2S_A_A	B*08:224	99.273
IMGT-6P2S_A_A	B*08:204	99.273
IMGT-6P2S_A_A	B*08:194	99.273
IMGT-6P2S_A_A	B*08:192	99.273
IMGT-6P2S_A_A	B*08:184	99.273
IMGT-6P2S_A_A	B*08:167	99.273
IMGT-6P2S_A_A	B*08:145	99.273
IMGT-6P2S_A_A	B*08:33	99.273
IMGT-6P2S_A_A	B*08:260	99.273
IMGT-6P2S_A_A	B*08:258	99.273
IMGT-6P2S_A_A	B*08:240	99.273
IMGT-6P2S_A_A	B*08:234	99.273
IMGT-6P2S_A_A	B*08:230	99.273
IMGT-6P2S_A_A	B*08:223	99.273
IMGT-6P2S_A_A	B*08:212	99.273
IMGT-6P2S_A_A	B*08:203	99.273
IMGT-6P2S_A_A	B*08:196	99.273
IMGT-6P2S_A_A	B*08:169	99.273
IMGT-6P2S_A_A	B*08:161	99.273
IMGT-6P2S_A_A	B*08:146	99.273
IMGT-6P2S_A_A	B*08:108	99.273
IMGT-6PBH_A_A	A*68:243	100.000
IMGT-6PBH_A_A	A*68:211	100.000
IMGT-6PBH_A_A	A*68:188	100.000
IMGT-6PBH_A_A	A*68:01	100.000
IMGT-6PBH_A_A	A*68:152	100.000
IMGT-6PBH_A_A	A*68:238	99.635
IMGT-6PBH_A_A	A*68:185	99.635
IMGT-6PBH_A_A	A*68:247	99.635
IMGT-6PBH_A_A	A*68:239	99.635
IMGT-6PBH_A_A	A*68:234	99.635
IMGT-6PBH_A_A	A*68:222	99.635
IMGT-6PBH_A_A	A*68:167	99.635
IMGT-6PBH_A_A	A*68:71	99.635
IMGT-6PBH_A_A	A*68:46	99.635
IMGT-6PBH_A_A	A*68:233	99.635
IMGT-6PBH_A_A	A*68:223	99.635
IMGT-6PBH_A_A	A*68:221	99.635
IMGT-6PBH_A_A	A*68:209	99.635
IMGT-6PBH_A_A	A*68:208	99.635
IMGT-6PBH_A_A	A*68:196	99.635
IMGT-6PBH_A_A	A*68:191	99.635
IMGT-6PBH_A_A	A*68:189	99.635
IMGT-6PBH_A_A	A*68:176	99.635
IMGT-6PBH_A_A	A*68:172	99.635
IMGT-6PBH_A_A	A*68:156	99.635
IMGT-6PBH_A_A	A*68:144	99.635
IMGT-6PBH_A_A	A*68:113	99.635
IMGT-6PBH_A_A	A*68:24	99.635
IMGT-6PBH_A_A	A*68:19	99.635
IMGT-6PBH_A_A	A*68:12	99.635
IMGT-6PBH_A_A	A*68:248	99.635
IMGT-6PBH_A_A	A*68:241	99.635
IMGT-6PBH_A_A	A*68:231	99.635
IMGT-6PBH_A_A	A*68:212	99.635
IMGT-6PBH_A_A	A*68:207	99.635
IMGT-6PBH_A_A	A*68:200	99.635
IMGT-6PBH_A_A	A*68:164	99.635
IMGT-6PBH_A_A	A*68:158	99.635
IMGT-6PBH_A_A	A*68:155	99.270
IMGT-6PBH_A_A	A*68:235	99.635
IMGT-6PBH_A_A	A*68:232	99.270
IMGT-6PBH_A_A	A*68:228	100.000
IMGT-6PBH_A_A	A*68:202	99.635
IMGT-6PBH_A_A	A*68:197	99.635
IMGT-6PBH_A_A	A*68:143	99.635
IMGT-6PBH_A_A	A*68:22	99.635
IMGT-6PBH_A_A	A*68:03	99.635
IMGT-6PBH_A_A	A*68:246	99.635
IMGT-6PBH_A_A	A*68:224	99.635
IMGT-6PBH_A_A	A*68:217	99.635
